2021-04-07 18:11:09,668 [INFO] Activator:170 - 


2021-04-07 18:11:09,671 [INFO] Activator:171 - !SESSION log4j initialized
2021-04-22 18:33:51,202 [INFO] Activator:170 - 


2021-04-22 18:33:51,202 [INFO] Activator:171 - !SESSION log4j initialized
2021-04-22 18:34:57,203 [INFO] Activator:170 - 


2021-04-22 18:34:57,203 [INFO] Activator:171 - !SESSION log4j initialized
2021-04-22 18:37:01,280 [INFO] McuFinderGlobals:40 - Set McuFinder mode to 2 (CubeIDE integrated)
2021-04-22 18:37:01,483 [INFO] ApplicationProperties:181 - Using Application install path: C:\ST\STM32CubeIDE_1.5.1\STM32CubeIDE\plugins\com.st.stm32cube.common.mx_6.1.1.202012091304
2021-04-22 18:37:01,483 [INFO] DbMcusXml:71 - Set database path to: C:\ST\STM32CubeIDE_1.5.1\STM32CubeIDE\plugins\com.st.stm32cube.common.mx_6.1.1.202012091304\\db\/mcu/
2021-04-22 18:37:01,499 [INFO] DbBoardsPdsc:57 - Set plugin database path to: C:\ST\STM32CubeIDE_1.5.1\STM32CubeIDE\plugins\com.st.stm32cube.common.mx_6.1.1.202012091304\\db\/plugins/boardmanager/
2021-04-22 18:37:01,499 [INFO] DbMcus:259 - Set plugin images path to: C:\ST\STM32CubeIDE_1.5.1\STM32CubeIDE\plugins\com.st.stm32cube.common.mx_6.1.1.202012091304\\db\/plugins/mcufinder/images/
2021-04-22 18:37:01,499 [INFO] DbBoards:265 - Set plugin images path to: C:\ST\STM32CubeIDE_1.5.1\STM32CubeIDE\plugins\com.st.stm32cube.common.mx_6.1.1.202012091304\\db\/plugins/mcufinder/images/
2021-04-22 18:37:01,499 [INFO] DbExamples:329 - Set plugin images path to: C:\ST\STM32CubeIDE_1.5.1\STM32CubeIDE\plugins\com.st.stm32cube.common.mx_6.1.1.202012091304\\db\/plugins/mcufinder/images/
2021-04-22 18:37:01,499 [INFO] DbMcusDocs:112 - Set database path to: C:\Users\admin\.stmcufinder\plugins\mcufinder//mcu/
2021-04-22 18:37:01,499 [INFO] DbMcusJson:63 - Set database path to: C:\Users\admin\.stmcufinder\plugins\mcufinder//mcu/
2021-04-22 18:37:01,499 [INFO] DbBoardsDocs:112 - Set database path to: C:\Users\admin\.stmcufinder\plugins\mcufinder//mcu/
2021-04-22 18:37:01,499 [INFO] DbBoardsJson:56 - Set database path to: C:\Users\admin\.stmcufinder\plugins\mcufinder//mcu/
2021-04-22 18:37:01,764 [INFO] CrossReferenceDbSqlite:196 - Set database path to: C:\Users\admin\.stmcufinder\plugins\mcufinder//mcu/cs/
2021-04-22 18:37:01,780 [INFO] DbExamplesSqlite:699 - Set database path to: C:\Users\admin\.stmcufinder\plugins\mcufinder//mcu/
2021-04-22 18:37:01,889 [INFO] RulesReader:52 - Compatibility file has been processed (228 Rules)
2021-04-22 18:37:01,983 [INFO] MicroXplorer:565 - Detected Java Version = 1.8.0_272
2021-04-22 18:37:01,983 [INFO] DbMcusXml:71 - Set database path to: C:\ST\STM32CubeIDE_1.5.1\STM32CubeIDE\plugins\com.st.stm32cube.common.mx_6.1.1.202012091304\\db\/mcu/
2021-04-22 18:37:01,983 [INFO] DbBoardsPdsc:57 - Set plugin database path to: C:\ST\STM32CubeIDE_1.5.1\STM32CubeIDE\plugins\com.st.stm32cube.common.mx_6.1.1.202012091304\\db\/plugins/boardmanager/
2021-04-22 18:37:01,983 [INFO] DbMcus:259 - Set plugin images path to: C:\ST\STM32CubeIDE_1.5.1\STM32CubeIDE\plugins\com.st.stm32cube.common.mx_6.1.1.202012091304\\db\/plugins/mcufinder/images/
2021-04-22 18:37:01,983 [INFO] DbBoards:265 - Set plugin images path to: C:\ST\STM32CubeIDE_1.5.1\STM32CubeIDE\plugins\com.st.stm32cube.common.mx_6.1.1.202012091304\\db\/plugins/mcufinder/images/
2021-04-22 18:37:01,983 [INFO] DbExamples:329 - Set plugin images path to: C:\ST\STM32CubeIDE_1.5.1\STM32CubeIDE\plugins\com.st.stm32cube.common.mx_6.1.1.202012091304\\db\/plugins/mcufinder/images/
2021-04-22 18:37:01,983 [WARN] DbFile:36 - Overriding database path with different value: C:\Users\admin\.stmcufinder\plugins\mcufinder/ => C:\Users\admin\.stmcufinder\plugins\mcufinder
2021-04-22 18:37:01,983 [INFO] DbMcusDocs:112 - Set database path to: C:\Users\admin\.stmcufinder\plugins\mcufinder//mcu/
2021-04-22 18:37:01,983 [WARN] DbFile:36 - Overriding database path with different value: C:\Users\admin\.stmcufinder\plugins\mcufinder/ => C:\Users\admin\.stmcufinder\plugins\mcufinder
2021-04-22 18:37:01,983 [INFO] DbMcusJson:63 - Set database path to: C:\Users\admin\.stmcufinder\plugins\mcufinder//mcu/
2021-04-22 18:37:01,983 [WARN] DbFile:36 - Overriding database path with different value: C:\Users\admin\.stmcufinder\plugins\mcufinder/ => C:\Users\admin\.stmcufinder\plugins\mcufinder
2021-04-22 18:37:01,983 [INFO] DbBoardsDocs:112 - Set database path to: C:\Users\admin\.stmcufinder\plugins\mcufinder//mcu/
2021-04-22 18:37:01,983 [WARN] DbFile:36 - Overriding database path with different value: C:\Users\admin\.stmcufinder\plugins\mcufinder/ => C:\Users\admin\.stmcufinder\plugins\mcufinder
2021-04-22 18:37:01,983 [INFO] DbBoardsJson:56 - Set database path to: C:\Users\admin\.stmcufinder\plugins\mcufinder//mcu/
2021-04-22 18:37:01,983 [WARN] DbFile:36 - Overriding database path with different value: C:\Users\admin\.stmcufinder\plugins\mcufinder/ => C:\Users\admin\.stmcufinder\plugins\mcufinder
2021-04-22 18:37:01,983 [WARN] DbFile:36 - Overriding database path with different value: C:\Users\admin\.stmcufinder\plugins\mcufinder/ => C:\Users\admin\.stmcufinder\plugins\mcufinder
2021-04-22 18:37:01,983 [INFO] CrossReferenceDbSqlite:196 - Set database path to: C:\Users\admin\.stmcufinder\plugins\mcufinder//mcu/cs/
2021-04-22 18:37:01,983 [WARN] DbFile:36 - Overriding database path with different value: C:\Users\admin\.stmcufinder\plugins\mcufinder/ => C:\Users\admin\.stmcufinder\plugins\mcufinder
2021-04-22 18:37:01,983 [INFO] DbExamplesSqlite:699 - Set database path to: C:\Users\admin\.stmcufinder\plugins\mcufinder//mcu/
2021-04-22 18:37:02,045 [INFO] MainPanel:190 - HeapMemory: 341835776
2021-04-22 18:37:02,123 [INFO] DbMcusXml:71 - Set database path to: C:\ST\STM32CubeIDE_1.5.1\STM32CubeIDE\plugins\com.st.stm32cube.common.mx_6.1.1.202012091304\\db\/mcu/
2021-04-22 18:37:02,123 [INFO] DbBoardsPdsc:57 - Set plugin database path to: C:\ST\STM32CubeIDE_1.5.1\STM32CubeIDE\plugins\com.st.stm32cube.common.mx_6.1.1.202012091304\\db\/plugins/boardmanager/
2021-04-22 18:37:02,123 [INFO] DbMcus:259 - Set plugin images path to: C:\ST\STM32CubeIDE_1.5.1\STM32CubeIDE\plugins\com.st.stm32cube.common.mx_6.1.1.202012091304\\db\/plugins/mcufinder/images/
2021-04-22 18:37:02,123 [INFO] DbBoards:265 - Set plugin images path to: C:\ST\STM32CubeIDE_1.5.1\STM32CubeIDE\plugins\com.st.stm32cube.common.mx_6.1.1.202012091304\\db\/plugins/mcufinder/images/
2021-04-22 18:37:02,123 [INFO] DbExamples:329 - Set plugin images path to: C:\ST\STM32CubeIDE_1.5.1\STM32CubeIDE\plugins\com.st.stm32cube.common.mx_6.1.1.202012091304\\db\/plugins/mcufinder/images/
2021-04-22 18:37:02,123 [WARN] DbFile:36 - Overriding database path with different value: C:\Users\admin\.stmcufinder\plugins\mcufinder/ => C:\Users\admin\.stmcufinder\plugins\mcufinder
2021-04-22 18:37:02,123 [INFO] DbMcusDocs:112 - Set database path to: C:\Users\admin\.stmcufinder\plugins\mcufinder//mcu/
2021-04-22 18:37:02,123 [WARN] DbFile:36 - Overriding database path with different value: C:\Users\admin\.stmcufinder\plugins\mcufinder/ => C:\Users\admin\.stmcufinder\plugins\mcufinder
2021-04-22 18:37:02,123 [INFO] DbMcusJson:63 - Set database path to: C:\Users\admin\.stmcufinder\plugins\mcufinder//mcu/
2021-04-22 18:37:02,123 [WARN] DbFile:36 - Overriding database path with different value: C:\Users\admin\.stmcufinder\plugins\mcufinder/ => C:\Users\admin\.stmcufinder\plugins\mcufinder
2021-04-22 18:37:02,123 [INFO] DbBoardsDocs:112 - Set database path to: C:\Users\admin\.stmcufinder\plugins\mcufinder//mcu/
2021-04-22 18:37:02,123 [WARN] DbFile:36 - Overriding database path with different value: C:\Users\admin\.stmcufinder\plugins\mcufinder/ => C:\Users\admin\.stmcufinder\plugins\mcufinder
2021-04-22 18:37:02,123 [INFO] DbBoardsJson:56 - Set database path to: C:\Users\admin\.stmcufinder\plugins\mcufinder//mcu/
2021-04-22 18:37:02,123 [WARN] DbFile:36 - Overriding database path with different value: C:\Users\admin\.stmcufinder\plugins\mcufinder/ => C:\Users\admin\.stmcufinder\plugins\mcufinder
2021-04-22 18:37:02,123 [WARN] DbFile:36 - Overriding database path with different value: C:\Users\admin\.stmcufinder\plugins\mcufinder/ => C:\Users\admin\.stmcufinder\plugins\mcufinder
2021-04-22 18:37:02,123 [INFO] CrossReferenceDbSqlite:196 - Set database path to: C:\Users\admin\.stmcufinder\plugins\mcufinder//mcu/cs/
2021-04-22 18:37:02,123 [WARN] DbFile:36 - Overriding database path with different value: C:\Users\admin\.stmcufinder\plugins\mcufinder/ => C:\Users\admin\.stmcufinder\plugins\mcufinder
2021-04-22 18:37:02,123 [INFO] DbExamplesSqlite:699 - Set database path to: C:\Users\admin\.stmcufinder\plugins\mcufinder//mcu/
2021-04-22 18:37:02,139 [INFO] ApplicationProperties:181 - Using Application install path: C:\ST\STM32CubeIDE_1.5.1\STM32CubeIDE\plugins\com.st.stm32cube.common.mx_6.1.1.202012091304
2021-04-22 18:37:02,139 [INFO] PluginManage:178 - Search for loadable plugins [exclusion list=, ]
2021-04-22 18:37:02,139 [INFO] PluginManage:292 - Check plugin analytics
2021-04-22 18:37:02,295 [INFO] AnalyticsPlugin:225 - Accepted Software Licenses: 
2021-04-22 18:37:02,295 [INFO] AnalyticsPlugin:227 - Accepted CMSIS Pack Licenses: 
2021-04-22 18:37:02,295 [INFO] AnalyticsPlugin:229 - Accepted Firmware Licenses: 
2021-04-22 18:37:02,295 [INFO] PluginManage:342 - Loaded plugin analytics (category:tool,tabindex:-1)
2021-04-22 18:37:02,295 [INFO] PluginManage:292 - Check plugin clock
2021-04-22 18:37:02,311 [INFO] PluginManage:342 - Loaded plugin clock (category:base,tabindex:2)
2021-04-22 18:37:02,311 [INFO] PluginManage:292 - Check plugin ddr
2021-04-22 18:37:02,311 [INFO] PluginManage:342 - Loaded plugin ddr (category:tool,tabindex:6)
2021-04-22 18:37:02,311 [INFO] PluginManage:292 - Check plugin filemanager
2021-04-22 18:37:02,420 [INFO] PluginManage:342 - Loaded plugin filemanager (category:base,tabindex:10)
2021-04-22 18:37:02,420 [INFO] PluginManage:292 - Check plugin ipmanager
2021-04-22 18:37:02,420 [INFO] PluginManage:342 - Loaded plugin ipmanager (category:base,tabindex:5)
2021-04-22 18:37:02,420 [INFO] PluginManage:292 - Check plugin pinoutandconfiguration
2021-04-22 18:37:02,436 [INFO] PluginManage:342 - Loaded plugin pinoutandconfiguration (category:base,tabindex:1)
2021-04-22 18:37:02,436 [INFO] PluginManage:292 - Check plugin pinoutconfig
2021-04-22 18:37:02,467 [INFO] PluginManage:342 - Loaded plugin pinoutconfig (category:base,tabindex:0)
2021-04-22 18:37:02,467 [INFO] PluginManage:292 - Check plugin power
2021-04-22 18:37:02,483 [INFO] PluginManage:342 - Loaded plugin power (category:power,tabindex:4)
2021-04-22 18:37:02,483 [INFO] PluginManage:292 - Check plugin projectmanager
2021-04-22 18:37:02,498 [INFO] PluginManage:342 - Loaded plugin projectmanager (category:projectmanager,tabindex:3)
2021-04-22 18:37:02,498 [INFO] PluginManage:292 - Check plugin thirdparty
2021-04-22 18:37:02,654 [INFO] PluginManage:342 - Loaded plugin thirdparty (category:base,tabindex:-1)
2021-04-22 18:37:02,654 [INFO] PluginManage:292 - Check plugin tools
2021-04-22 18:37:02,654 [WARN] IntegrityCheckThread:59 - waiting for thirdparty lock release [integrity check]
2021-04-22 18:37:02,654 [INFO] IntegrityCheckThread:61 - entering critical section [integrity check]
2021-04-22 18:37:02,654 [INFO] ThirdPartyUpdaterWithRetryManager:56 - Updater plugin not ready yet. [1/15]
2021-04-22 18:37:02,701 [INFO] PluginManage:342 - Loaded plugin tools (category:base,tabindex:7)
2021-04-22 18:37:02,701 [INFO] PluginManage:292 - Check plugin tutovideos
2021-04-22 18:37:02,936 [INFO] PluginManage:342 - Loaded plugin tutovideos (category:base,tabindex:-1)
2021-04-22 18:37:02,936 [INFO] PluginManage:292 - Check plugin updater
2021-04-22 18:37:02,951 [INFO] PluginManage:342 - Loaded plugin updater (category:base,tabindex:12)
2021-04-22 18:37:02,951 [INFO] PluginManage:265 - PluginManage : Loaded plugins [13]
2021-04-22 18:37:03,186 [INFO] PinOutPanel:1434 - setPackage(No Configuration,No Configuration)
2021-04-22 18:37:03,264 [INFO] IPUIPlugin:64 - create IPUIPlugin
2021-04-22 18:37:03,264 [INFO] PluginManager:203 - loadIPPluginJar : add adc
2021-04-22 18:37:03,295 [INFO] IPUIPlugin:64 - create IPUIPlugin
2021-04-22 18:37:03,295 [INFO] PluginManager:203 - loadIPPluginJar : add aes
2021-04-22 18:37:03,326 [INFO] IPUIPlugin:64 - create IPUIPlugin
2021-04-22 18:37:03,326 [INFO] PluginManager:203 - loadIPPluginJar : add can
2021-04-22 18:37:03,342 [INFO] IPUIPlugin:64 - create IPUIPlugin
2021-04-22 18:37:03,342 [INFO] PluginManager:203 - loadIPPluginJar : add comp
2021-04-22 18:37:03,373 [INFO] IPUIPlugin:64 - create IPUIPlugin
2021-04-22 18:37:03,373 [INFO] PluginManager:203 - loadIPPluginJar : add cryp
2021-04-22 18:37:03,389 [INFO] IPUIPlugin:64 - create IPUIPlugin
2021-04-22 18:37:03,389 [INFO] PluginManager:203 - loadIPPluginJar : add dfsdm
2021-04-22 18:37:03,404 [INFO] IPUIPlugin:64 - create IPUIPlugin
2021-04-22 18:37:03,404 [INFO] PluginManager:203 - loadIPPluginJar : add dma
2021-04-22 18:37:03,420 [INFO] IPUIPlugin:64 - create IPUIPlugin
2021-04-22 18:37:03,420 [INFO] PluginManager:203 - loadIPPluginJar : add fatfs
2021-04-22 18:37:03,467 [INFO] IPUIPlugin:64 - create IPUIPlugin
2021-04-22 18:37:03,467 [INFO] PluginManager:203 - loadIPPluginJar : add fmc
2021-04-22 18:37:03,482 [INFO] IPUIPlugin:64 - create IPUIPlugin
2021-04-22 18:37:03,482 [INFO] PluginManager:203 - loadIPPluginJar : add freertos
2021-04-22 18:37:03,498 [INFO] IPUIPlugin:64 - create IPUIPlugin
2021-04-22 18:37:03,498 [INFO] PluginManager:203 - loadIPPluginJar : add genericplugin
2021-04-22 18:37:03,560 [INFO] IPUIPlugin:64 - create IPUIPlugin
2021-04-22 18:37:03,560 [INFO] PluginManager:203 - loadIPPluginJar : add gfxmmu
2021-04-22 18:37:03,639 [INFO] IPUIPlugin:64 - create IPUIPlugin
2021-04-22 18:37:03,639 [INFO] PluginManager:203 - loadIPPluginJar : add gic
2021-04-22 18:37:03,639 [INFO] IPUIPlugin:64 - create IPUIPlugin
2021-04-22 18:37:03,639 [INFO] PluginManager:203 - loadIPPluginJar : add gpio
2021-04-22 18:37:03,685 [INFO] IPUIPlugin:64 - create IPUIPlugin
2021-04-22 18:37:03,685 [INFO] PluginManager:203 - loadIPPluginJar : add gtzc
2021-04-22 18:37:03,717 [INFO] IPUIPlugin:64 - create IPUIPlugin
2021-04-22 18:37:03,717 [INFO] PluginManager:203 - loadIPPluginJar : add hash
2021-04-22 18:37:03,748 [INFO] IPUIPlugin:64 - create IPUIPlugin
2021-04-22 18:37:03,748 [INFO] PluginManager:203 - loadIPPluginJar : add i2c
2021-04-22 18:37:03,779 [INFO] IPUIPlugin:64 - create IPUIPlugin
2021-04-22 18:37:03,779 [INFO] PluginManager:203 - loadIPPluginJar : add i2s
2021-04-22 18:37:03,795 [INFO] IPUIPlugin:64 - create IPUIPlugin
2021-04-22 18:37:03,795 [INFO] PluginManager:203 - loadIPPluginJar : add ipddr
2021-04-22 18:37:03,826 [INFO] IPUIPlugin:64 - create IPUIPlugin
2021-04-22 18:37:03,826 [INFO] PluginManager:203 - loadIPPluginJar : add lorawan
2021-04-22 18:37:03,857 [INFO] IPUIPlugin:64 - create IPUIPlugin
2021-04-22 18:37:03,857 [INFO] PluginManager:203 - loadIPPluginJar : add ltdc
2021-04-22 18:37:03,857 [INFO] IPUIPlugin:64 - create IPUIPlugin
2021-04-22 18:37:03,857 [INFO] PluginManager:203 - loadIPPluginJar : add mdma
2021-04-22 18:37:03,873 [INFO] IPUIPlugin:64 - create IPUIPlugin
2021-04-22 18:37:03,873 [INFO] PluginManager:203 - loadIPPluginJar : add nvic
2021-04-22 18:37:03,904 [INFO] IPUIPlugin:64 - create IPUIPlugin
2021-04-22 18:37:03,904 [INFO] PluginManager:203 - loadIPPluginJar : add opamp
2021-04-22 18:37:03,935 [INFO] IPUIPlugin:64 - create IPUIPlugin
2021-04-22 18:37:03,935 [INFO] PluginManager:203 - loadIPPluginJar : add openamp
2021-04-22 18:37:03,967 [INFO] IPUIPlugin:64 - create IPUIPlugin
2021-04-22 18:37:03,967 [INFO] PluginManager:203 - loadIPPluginJar : add pdm2pcm
2021-04-22 18:37:03,982 [INFO] IPUIPlugin:64 - create IPUIPlugin
2021-04-22 18:37:03,982 [INFO] PluginManager:203 - loadIPPluginJar : add plateformsettings
2021-04-22 18:37:04,014 [INFO] IPUIPlugin:64 - create IPUIPlugin
2021-04-22 18:37:04,014 [INFO] PluginManager:203 - loadIPPluginJar : add quadspi
2021-04-22 18:37:04,014 [INFO] IPUIPlugin:64 - create IPUIPlugin
2021-04-22 18:37:04,014 [INFO] PluginManager:203 - loadIPPluginJar : add resmgrutility
2021-04-22 18:37:04,060 [INFO] IPUIPlugin:64 - create IPUIPlugin
2021-04-22 18:37:04,060 [INFO] PluginManager:203 - loadIPPluginJar : add sai
2021-04-22 18:37:04,092 [INFO] IPUIPlugin:64 - create IPUIPlugin
2021-04-22 18:37:04,092 [INFO] PluginManager:203 - loadIPPluginJar : add spi
2021-04-22 18:37:04,123 [INFO] IPUIPlugin:64 - create IPUIPlugin
2021-04-22 18:37:04,123 [INFO] PluginManager:203 - loadIPPluginJar : add stm32_wpan
2021-04-22 18:37:04,154 [INFO] IPUIPlugin:64 - create IPUIPlugin
2021-04-22 18:37:04,154 [INFO] PluginManager:203 - loadIPPluginJar : add tim
2021-04-22 18:37:04,201 [INFO] IPUIPlugin:64 - create IPUIPlugin
2021-04-22 18:37:04,201 [INFO] PluginManager:203 - loadIPPluginJar : add touchsensing
2021-04-22 18:37:04,217 [INFO] IPUIPlugin:64 - create IPUIPlugin
2021-04-22 18:37:04,217 [INFO] PluginManager:203 - loadIPPluginJar : add tracer_emb
2021-04-22 18:37:04,232 [INFO] IPUIPlugin:64 - create IPUIPlugin
2021-04-22 18:37:04,232 [INFO] PluginManager:203 - loadIPPluginJar : add ts
2021-04-22 18:37:04,263 [INFO] IPUIPlugin:64 - create IPUIPlugin
2021-04-22 18:37:04,263 [INFO] PluginManager:203 - loadIPPluginJar : add tsc
2021-04-22 18:37:04,279 [INFO] IPUIPlugin:64 - create IPUIPlugin
2021-04-22 18:37:04,279 [INFO] PluginManager:203 - loadIPPluginJar : add ucpd
2021-04-22 18:37:04,310 [INFO] IPUIPlugin:64 - create IPUIPlugin
2021-04-22 18:37:04,310 [INFO] PluginManager:203 - loadIPPluginJar : add usart
2021-04-22 18:37:04,571 [FATAL] Updater:284 - Updater called before beeing initialized
2021-04-22 18:37:04,665 [FATAL] Updater:284 - Updater called before beeing initialized
2021-04-22 18:37:04,696 [WARN] DetailPanel:347 - Failed to get advertising image, set to default
2021-04-22 18:37:04,696 [FATAL] Updater:284 - Updater called before beeing initialized
2021-04-22 18:37:04,696 [WARN] DetailPanel:347 - Failed to get advertising image, set to default
2021-04-22 18:37:04,743 [FATAL] Updater:284 - Updater called before beeing initialized
2021-04-22 18:37:04,743 [WARN] ThirdParty:783 - waiting for thirdparty lock release [close project]
2021-04-22 18:37:05,687 [INFO] ThirdPartyUpdaterWithRetryManager:56 - Updater plugin not ready yet. [2/15]
2021-04-22 18:37:08,699 [FATAL] Updater:284 - Updater called before beeing initialized
2021-04-22 18:37:08,699 [ERROR] AbstractThirdPartyUpdaterManager:153 - java.lang.Integer cannot be cast to java.util.List
2021-04-22 18:37:08,699 [INFO] ThirdParty:887 - Integrity check success = false
2021-04-22 18:37:08,699 [INFO] IntegrityCheckThread:75 - exiting critical section [integrity check]
2021-04-22 18:37:08,699 [INFO] IntegrityCheckThread:78 - End integrity checks thread
2021-04-22 18:37:08,699 [INFO] ThirdParty:785 - entering critical section [close project]
2021-04-22 18:37:08,699 [INFO] ThirdParty:796 - exiting critical section [close project]
2021-04-22 18:37:08,699 [INFO] PinOutPanel:1434 - setPackage(No Configuration,No Configuration)
2021-04-22 18:37:08,714 [FATAL] Updater:284 - Updater called before beeing initialized
2021-04-22 18:37:08,741 [ERROR] Updater:1065 - MainUpdater not yet initialized. External WinMGr cannot be set.
2021-04-22 18:37:08,757 [INFO] Updater:1002 - Updater Version found : 6.1.1
2021-04-22 18:37:08,772 [INFO] ApplicationProperties:181 - Using Application install path: C:\ST\STM32CubeIDE_1.5.1\STM32CubeIDE\plugins\com.st.stm32cube.common.mx_6.1.1.202012091304
2021-04-22 18:37:08,913 [INFO] MainUpdater:2644 - connection check result : 10
2021-04-22 18:37:08,913 [INFO] MainUpdater:3332 - Updater definition file requires update
2021-04-22 18:37:08,929 [INFO] MainUpdater:249 - Updater Check For Update Now.
2021-04-22 18:37:08,929 [INFO] MicroXplorer:415 - Change Database Version : DB.6.0.10
2021-04-22 18:37:09,007 [INFO] ServerAccessManage:348 - Download File updaters.zip
2021-04-22 18:37:09,085 [INFO] FileExtend:225 - Unzip File : updaters.zip
2021-04-22 18:37:09,085 [INFO] FileExtend:240 - Standard Zip Deflate
2021-04-22 18:37:09,506 [INFO] ServerAccessManage:348 - Download File PacksControlFlags.xml
2021-04-22 18:37:09,647 [INFO] ServerAccessManage:348 - Download File cubemx.pidx
2021-04-22 18:37:09,756 [INFO] LoadServerUpdatesThread:329 - End of LoadServerUpdate Thread
2021-04-22 18:37:09,788 [INFO] CheckServerUpdateThread:102 - End of CheckServer Thread
2021-04-22 18:37:09,850 [INFO] MainUpdater:2644 - connection check result : 10
2021-04-22 18:37:10,319 [INFO] CrossSelectorPresenter:1330 - Cross Selector saved comparison directory: C:\Users\admin\.stmcufinder\plugins\mcufinder\mcu\cs_comparisons_mx
2021-04-22 18:37:10,319 [INFO] MultiScanPanel:198 - Auto-refresh data requested => check proxy status ongoing
2021-04-22 18:37:10,319 [INFO] FinderPluginLoader:87 - Searching for filters in installed packs
2021-04-22 18:37:10,334 [INFO] DbMcusXml:97 - Load MCU database from C:\ST\STM32CubeIDE_1.5.1\STM32CubeIDE\plugins\com.st.stm32cube.common.mx_6.1.1.202012091304\\db\/mcu/families.xml
2021-04-22 18:37:10,866 [INFO] DbMcusJson:92 - JSON generation date=Mon Feb 08 20:35:07 ICT 2021 (1612791307)
2021-04-22 18:37:11,403 [INFO] DbMcus:176 - Found 1835 MCUs (1796 are supported by CubeMX, 1804 are visible in CubeMX)
2021-04-22 18:37:11,403 [INFO] ApiDb:238 - Load user favorites file C:\Users\admin/.stm32cubeide/favorites.mcus.txt: 0 item(s)
2021-04-22 18:37:11,403 [INFO] ApiDb:242 - User favorites MCUs=[]
2021-04-22 18:37:11,403 [INFO] DbMcus:188 - Set 0 / 0 favorites MCUs
2021-04-22 18:37:11,747 [WARN] DetailPanel:347 - Failed to get advertising image, set to default
2021-04-22 18:37:11,950 [INFO] McuFilterPanel:245 - Update 0 favorites MCUs
2021-04-22 18:37:12,013 [INFO] DbBoardsPdsc:91 - Found 24 items
2021-04-22 18:37:12,028 [INFO] DbBoardsPdsc:91 - Found 9 items
2021-04-22 18:37:12,044 [INFO] DbBoardsPdsc:91 - Found 32 items
2021-04-22 18:37:12,044 [INFO] DbBoardsPdsc:91 - Found 1 items
2021-04-22 18:37:12,060 [INFO] DbBoardsPdsc:91 - Found 45 items
2021-04-22 18:37:12,075 [INFO] DbBoardsPdsc:91 - Found 41 items
2021-04-22 18:37:12,075 [INFO] DbBoardsPdsc:91 - Found 2 items
2021-04-22 18:37:12,091 [INFO] DbBoardsPdsc:91 - Found 4 items
2021-04-22 18:37:12,091 [WARN] DbBoardsPdsc:255 - Board STM32H7B3I-DK: unknown feature type=Audio, name=, username=Audio stereo codec with Headphone Amp (CS42L51-CNZ), n=1
2021-04-22 18:37:12,091 [WARN] DbBoardsPdsc:255 - Board STM32H735G-DK: unknown feature type=Audio, name=, username=Audio stereo codec with Headphone Amp (WM8994ECS/R), n=1
2021-04-22 18:37:12,091 [WARN] DbBoardsPdsc:255 - Board STM32H7B3I-EVAL: unknown feature type=Audio, name=, username=Multi-Channel Audio Codec (CS42L51-CNZ), n=1
2021-04-22 18:37:12,091 [WARN] DbBoardsPdsc:255 - Board STM32H7B3I-EVAL: unknown feature type=Meter, name=, username=Power-metering and Temperature-monitoring with sigma-delta modulators, n=1
2021-04-22 18:37:12,091 [WARN] DbBoardsPdsc:255 - Board STM32H7B3I-EVAL: unknown feature type=Motor, name=, username=Motor Control, n=1
2021-04-22 18:37:12,122 [INFO] DbBoardsJson:85 - JSON generation date=Thu Feb 04 23:53:45 ICT 2021 (1612457625)
2021-04-22 18:37:12,122 [INFO] DbBoards:118 - Found 160 boards (155 are supported by CubeMX)
2021-04-22 18:37:12,153 [INFO] DbBoardsDocs:145 - JSON generation date=Mon Feb 08 20:35:07 ICT 2021 (1612791307)
2021-04-22 18:37:12,169 [INFO] DbBoardsDocs:81 - Found 193 boards documents
2021-04-22 18:37:12,169 [WARN] DbBoards:128 - board B-L462E-CELL1 has no document id list !
2021-04-22 18:37:12,169 [WARN] DbBoards:128 - board B-L475E-IOT01A2 has no document id list !
2021-04-22 18:37:12,169 [WARN] DbBoards:128 - board NUCLEO-G0B1RE has no document id list !
2021-04-22 18:37:12,169 [WARN] DbBoards:128 - board NUCLEO-H743ZI2 has no document id list !
2021-04-22 18:37:12,169 [WARN] DbBoards:128 - board NUCLEO-L4A6ZG has no document id list !
2021-04-22 18:37:12,169 [WARN] DbBoards:128 - board NUCLEO-WB55RG has no document id list !
2021-04-22 18:37:12,169 [WARN] DbBoards:128 - board NUCLEO-WL55JC1 has no document id list !
2021-04-22 18:37:12,185 [WARN] DbBoards:128 - board NUCLEO-WL55JC2 has no document id list !
2021-04-22 18:37:12,185 [WARN] DbBoards:128 - board P-NUCLEO-WB55-Nucleo has no document id list !
2021-04-22 18:37:12,185 [WARN] DbBoards:128 - board P-NUCLEO-WB55-USBDongle has no document id list !
2021-04-22 18:37:12,185 [WARN] DbBoards:128 - board STEVAL-BFA001V1B has no document id list !
2021-04-22 18:37:12,185 [WARN] DbBoards:128 - board STEVAL-BFA001V2B has no document id list !
2021-04-22 18:37:12,185 [WARN] DbBoards:128 - board STEVAL-IDP005V1 has no document id list !
2021-04-22 18:37:12,185 [WARN] DbBoards:128 - board STEVAL-IDP005V2 has no document id list !
2021-04-22 18:37:12,185 [WARN] DbBoards:128 - board STEVAL-MKSBOX1V1 has no document id list !
2021-04-22 18:37:12,185 [WARN] DbBoards:128 - board STEVAL-STWINKT1 has no document id list !
2021-04-22 18:37:12,185 [WARN] DbBoards:128 - board STEVAL-STWINKT1B has no document id list !
2021-04-22 18:37:12,185 [WARN] DbBoards:128 - board STM32F401C-DISCO has no document id list !
2021-04-22 18:37:12,185 [WARN] DbBoards:128 - board STM32F769I-DISC1 has no document id list !
2021-04-22 18:37:12,185 [WARN] DbBoards:128 - board STM32G0C1E-EV has no document id list !
2021-04-22 18:37:12,185 [WARN] DbBoards:128 - board STM32G474E-EVAL1 has no document id list !
2021-04-22 18:37:12,185 [WARN] DbBoards:128 - board STM32H743I-EVAL2 has no document id list !
2021-04-22 18:37:12,185 [WARN] DbBoards:128 - board STM32H747I-DISC1 has no document id list !
2021-04-22 18:37:12,185 [WARN] DbBoards:128 - board STM32H753I-EVAL2 has no document id list !
2021-04-22 18:37:12,185 [WARN] DbBoards:128 - board STM32L-DISCOVERY has no document id list !
2021-04-22 18:37:12,185 [WARN] DbBoards:128 - board STM32MP157A-DK1 has no document id list !
2021-04-22 18:37:12,185 [WARN] DbBoards:128 - board STM32MP157F-DK2 has no document id list !
2021-04-22 18:37:12,185 [WARN] DbBoards:128 - board STM32MP157F-EV1 has no document id list !
2021-04-22 18:37:12,559 [ERROR] DbBoards:190 - Image file not found for board NUCLEO-WL55JC: C:\ST\STM32CubeIDE_1.5.1\STM32CubeIDE\plugins\com.st.stm32cube.common.mx_6.1.1.202012091304\\db\/plugins/mcufinder/images/boards/nucleo-wl55jc-small.jpg
2021-04-22 18:37:12,731 [ERROR] DbBoards:190 - Image file not found for board STEVAL-STWINKT1B: C:\ST\STM32CubeIDE_1.5.1\STM32CubeIDE\plugins\com.st.stm32cube.common.mx_6.1.1.202012091304\\db\/plugins/mcufinder/images/boards/steval-stwinkt1b_small.jpg
2021-04-22 18:37:13,091 [ERROR] DbBoards:190 - Image file not found for board STM32H7B3I-EVAL: C:\ST\STM32CubeIDE_1.5.1\STM32CubeIDE\plugins\com.st.stm32cube.common.mx_6.1.1.202012091304\\db\/plugins/mcufinder/images/boards/stm32h7b3ieval_small.jpg
2021-04-22 18:37:13,278 [INFO] ApiDb:238 - Load user favorites file C:\Users\admin/.stm32cubeide/favorites.boards.txt: 1 item(s)
2021-04-22 18:37:13,278 [INFO] ApiDb:242 - User favorites Boards=[NUCLEO-F411RE]
2021-04-22 18:37:13,278 [INFO] DbBoards:207 - Set 1 / 1 favorites Boards
2021-04-22 18:37:16,077 [INFO] MultiScanPanel:198 - Auto-refresh data requested => check proxy status ongoing
2021-04-22 18:37:16,155 [WARN] DetailPanel:347 - Failed to get advertising image, set to default
2021-04-22 18:37:16,171 [INFO] BoardFilterPanel:214 - Update 1 favorites Boards
2021-04-22 18:37:35,573 [INFO] MainUpdater:2644 - connection check result : 10
2021-04-22 18:37:35,573 [INFO] MainUpdater:2644 - connection check result : 10
2021-04-22 18:37:35,620 [INFO] MicroXplorer:385 - Change Database Path : 
2021-04-22 18:37:35,620 [INFO] MicroXplorer:415 - Change Database Version : DB.6.0.10
2021-04-22 18:37:35,620 [WARN] ThirdParty:783 - waiting for thirdparty lock release [close project]
2021-04-22 18:37:35,620 [INFO] ThirdParty:785 - entering critical section [close project]
2021-04-22 18:37:35,620 [INFO] ThirdParty:796 - exiting critical section [close project]
2021-04-22 18:37:35,620 [INFO] PinOutPanel:1434 - setPackage(No Configuration,No Configuration)
2021-04-22 18:37:35,620 [INFO] UtilMem:74 - Begin LoadConfig() Used Memory: 397236112 Bytes (739246080)
2021-04-22 18:37:35,620 [INFO] OpenFileManager:274 - Change cursor
2021-04-22 18:37:35,636 [WARN] ThirdParty:204 - Use empty third party IP manager
2021-04-22 18:37:35,636 [WARN] IntegrityCheckThread:59 - waiting for thirdparty lock release [integrity check]
2021-04-22 18:37:35,636 [INFO] IntegrityCheckThread:61 - entering critical section [integrity check]
2021-04-22 18:37:35,729 [WARN] ConditionMgr:437 - getConditionDescription Invalid condition id : SIGFOX STM32 LIB Condition cause : null
2021-04-22 18:37:35,729 [WARN] ConditionMgr:437 - getConditionDescription Invalid condition id : Sigfox Third Party LIB Condition cause : null
2021-04-22 18:37:35,729 [WARN] ConditionMgr:1040 - genDependencies : Invalid condition id : SIGFOX STM32 LIB Condition cause : null
2021-04-22 18:37:35,729 [WARN] ConditionMgr:1040 - genDependencies : Invalid condition id : Sigfox Third Party LIB Condition cause : null
2021-04-22 18:37:35,729 [WARN] ConditionMgr:1040 - genDependencies : Invalid condition id : Sigfox Third Party LIB Condition cause : null
2021-04-22 18:37:35,729 [WARN] ConditionMgr:1040 - genDependencies : Invalid condition id : SIGFOX STM32 LIB Condition cause : null
2021-04-22 18:37:35,729 [WARN] ConditionMgr:1040 - genDependencies : Invalid condition id : SIGFOX STM32 LIB Condition cause : null
2021-04-22 18:37:35,729 [WARN] ConditionMgr:1040 - genDependencies : Invalid condition id : Sigfox Third Party LIB Condition cause : null
2021-04-22 18:37:36,292 [INFO] ThirdParty:887 - Integrity check success = true
2021-04-22 18:37:36,292 [INFO] IntegrityCheckThread:75 - exiting critical section [integrity check]
2021-04-22 18:37:36,292 [INFO] IntegrityCheckThread:78 - End integrity checks thread
2021-04-22 18:37:37,650 [INFO] Rule:212 - rule GTZC_S instance for project manager is applicable
2021-04-22 18:37:37,650 [INFO] Rule:212 - rule GTZC_S instance for context M0+ is applicable
2021-04-22 18:37:37,650 [INFO] Rule:212 - rule GTZC_NS instance for context M4 is applicable
2021-04-22 18:37:37,650 [INFO] Rule:212 - rule GTZC_S instance value for IP GTZC is applicable
2021-04-22 18:37:37,650 [INFO] Rule:212 - rule GTZC_S instance for mcu is applicable
2021-04-22 18:37:37,650 [INFO] Rule:212 - rule GTZC_S instance for VP is applicable
2021-04-22 18:37:37,650 [INFO] Rule:212 - rule GTZC_S instance for signal is applicable
2021-04-22 18:37:37,650 [INFO] Rule:212 - rule SPDIFRX instance for mcu is applicable
2021-04-22 18:37:37,650 [INFO] Rule:212 - rule Rename Tracer Mode is applicable
2021-04-22 18:37:37,650 [INFO] Rule:212 - rule SPDIFRX instance value for IP SPDIFRX is applicable
2021-04-22 18:37:37,650 [INFO] Rule:212 - rule SPDIFRX instance for signal is applicable
2021-04-22 18:37:37,650 [INFO] Rule:212 - rule SPDIFRX instance for project manager is applicable
2021-04-22 18:37:37,650 [INFO] Rule:212 - rule SPDIFRX instance for project manager is applicable
2021-04-22 18:37:37,650 [INFO] Rule:212 - rule ADC Scan  fix with FW F7 is applicable
2021-04-22 18:37:37,650 [INFO] Rule:212 - rule ADC Scan  fix with FW F7 is applicable
2021-04-22 18:37:37,650 [INFO] Rule:212 - rule Add RTC Activate Clock Source is applicable
2021-04-22 18:37:37,650 [INFO] Rule:212 - rule Add RTC Activate Calendar 1 is applicable
2021-04-22 18:37:37,650 [INFO] Rule:212 - rule Add RTC Activate Calendar 2 is applicable
2021-04-22 18:37:37,650 [INFO] Rule:212 - rule Add RTC Activate Calendar 3 is applicable
2021-04-22 18:37:37,650 [INFO] Rule:212 - rule UART/USART TX Mode is applicable
2021-04-22 18:37:37,650 [INFO] Rule:212 - rule UART/USART RX Mode is applicable
2021-04-22 18:37:37,650 [INFO] Rule:212 - rule UART/USART RX TX Mode is applicable
2021-04-22 18:37:37,650 [INFO] Rule:212 - rule UART/USART PARITY NONE is applicable
2021-04-22 18:37:37,650 [INFO] Rule:212 - rule UART/USART PARITY EVEN is applicable
2021-04-22 18:37:37,650 [INFO] Rule:212 - rule UART/USART PARITY ODD is applicable
2021-04-22 18:37:37,650 [INFO] Rule:212 - rule USART StopBits 1 is applicable
2021-04-22 18:37:37,650 [INFO] Rule:212 - rule USART StopBits 2 is applicable
2021-04-22 18:37:37,650 [INFO] Rule:212 - rule USART StopBits 1.5 is applicable
2021-04-22 18:37:37,650 [INFO] Rule:212 - rule USART StopBits 0.5 is applicable
2021-04-22 18:37:37,665 [INFO] Rule:212 - rule UART/USART WORD LENGTH 7 is applicable
2021-04-22 18:37:37,665 [INFO] Rule:212 - rule UART/USART WORD LENGTH 8 is applicable
2021-04-22 18:37:37,665 [INFO] Rule:212 - rule UART/USART WORD LENGTH 9 is applicable
2021-04-22 18:37:37,665 [INFO] Rule:212 - rule Rename FMC NAND NCE signal is applicable
2021-04-22 18:37:37,665 [INFO] Rule:212 - rule Rename FMC NAND INT signal is applicable
2021-04-22 18:37:37,665 [INFO] Rule:212 - rule Change Default Value for ADC ExternalTrigConv L4 family is applicable
2021-04-22 18:37:37,665 [INFO] Rule:212 - rule Change Default Value for ADC ExternalTrigInjecConv L4 family is applicable
2021-04-22 18:37:37,665 [INFO] Rule:212 - rule Change Default Value for ADC ExternalTrigConv F3 family is applicable
2021-04-22 18:37:37,665 [INFO] Rule:212 - rule Change Default Value for ADC ExternalTrigInjecConv F3 family is applicable
2021-04-22 18:37:37,665 [INFO] Rule:212 - rule Change Default Value for ADC ExternalTrigConv Goldfish serie is applicable
2021-04-22 18:37:37,665 [INFO] Rule:212 - rule Change Default Value for ADC ExternalTrigInjecConv Goldfish serie is applicable
2021-04-22 18:37:37,665 [INFO] Rule:212 - rule Change Default Value for ADC ExternalTrigConv L0 family is applicable
2021-04-22 18:37:37,665 [INFO] Rule:212 - rule Change Default Value for ADC ExternalTrigConv F0 family is applicable
2021-04-22 18:37:37,665 [INFO] Rule:212 - rule Change Default Value for ADC ExternalTrigConvn L1 family is applicable
2021-04-22 18:37:37,665 [INFO] Rule:212 - rule Change Default Value for ADC ExternalTrigInjecConv L1 family is applicable
2021-04-22 18:37:37,665 [INFO] Rule:212 - rule Change Default Value for ADC ExternalTrigConv F1 family is applicable
2021-04-22 18:37:37,665 [INFO] Rule:212 - rule Change Default Value for ADC ExternalTrigInjecConv F1 family is applicable
2021-04-22 18:37:37,665 [INFO] Rule:212 - rule Change Default Value for ADC ExternalTrigConv F7 family is applicable
2021-04-22 18:37:37,665 [INFO] Rule:212 - rule Change Default Value for ADC ExternalTrigInjecConv F7 family is applicable
2021-04-22 18:37:37,665 [INFO] Rule:212 - rule Change Default Value for ADC ExternalTrigConv F4 and F2 family is applicable
2021-04-22 18:37:37,665 [INFO] Rule:212 - rule Change Default Value for ADC ExternalTrigInjecConv F4 and F2 family is applicable
2021-04-22 18:37:37,665 [INFO] Rule:212 - rule ADC SamplingTime fix with FW L0  is applicable
2021-04-22 18:37:37,665 [INFO] Rule:212 - rule ADC SamplingTime fix with FW L0  is applicable
2021-04-22 18:37:37,665 [INFO] Rule:212 - rule ADC SamplingTime fix with FW L0 is applicable
2021-04-22 18:37:37,665 [INFO] Rule:212 - rule ADC SamplingTime fix with FW L0 is applicable
2021-04-22 18:37:37,665 [INFO] Rule:212 - rule ADC SamplingTime fix with FW L0  is applicable
2021-04-22 18:37:37,665 [INFO] Rule:212 - rule ADC SamplingTime fix with FW L0 is applicable
2021-04-22 18:37:37,665 [INFO] Rule:212 - rule Rename USB_OE Signal is applicable
2021-04-22 18:37:37,665 [INFO] Rule:212 - rule Rename Activate_OE Mode is applicable
2021-04-22 18:37:37,665 [INFO] Rule:212 - rule Rename DIE462/DIE415 pin PC14/OSC32_IN -> PC14-OSC32_IN (PC14) is applicable
2021-04-22 18:37:37,665 [INFO] Rule:212 - rule Rename DIE462/DIE415 pin PC15/OSC32_OUT -> PC15-OSC32_OUT (PC15) is applicable
2021-04-22 18:37:37,665 [INFO] Rule:212 - rule Rename DIE462/DIE415 pin PH0/OSC_IN -> PH0-OSC_IN (PH0) is applicable
2021-04-22 18:37:37,665 [INFO] Rule:212 - rule Rename DIE462/DIE415 pin PH1/OSC_OUT -> PH1-OSC_OUT (PH1) is applicable
2021-04-22 18:37:37,665 [INFO] Rule:212 - rule Rename DIE462 pin PA13 -> PA13 (JTMS/SWDIO) is applicable
2021-04-22 18:37:37,665 [INFO] Rule:212 - rule Rename DIE415 pin PA13 -> PA13 (JTMS/SWDIO) is applicable
2021-04-22 18:37:37,665 [INFO] Rule:212 - rule Rename DIE462 pin PA14 -> PA14 (JTCK/SWCLK) is applicable
2021-04-22 18:37:37,665 [INFO] Rule:212 - rule Rename DIE415 pin PA14 -> PA14 (JTCK/SWCLK) is applicable
2021-04-22 18:37:37,665 [INFO] Rule:212 - rule Rename DIE462/DIE415 pin PA15 -> PA15 (JTDI) is applicable
2021-04-22 18:37:37,665 [INFO] Rule:212 - rule Rename DIE462 pin PB3 -> PB3 (JTD0/TRACESWO) is applicable
2021-04-22 18:37:37,665 [INFO] Rule:212 - rule Rename DIE415 pin PB3 -> PB3 (JTD0-TRACESWO) is applicable
2021-04-22 18:37:37,665 [INFO] Rule:212 - rule Rename DIE462/DIE415 pin PB4 -> PB4 (NJTRST) is applicable
2021-04-22 18:37:37,665 [INFO] Rule:212 - rule Rename DIE462 pin PH3/BOOT0 -> PH3-BOOT0 (BOOT0) is applicable
2021-04-22 18:37:37,665 [INFO] Rule:212 - rule Rename CRYP DataEncryptionTypesList to Algorithm is applicable
2021-04-22 18:37:37,665 [INFO] Rule:212 - rule Rename AES DataEncryptionTypesList to Algorithm is applicable
2021-04-22 18:37:37,665 [INFO] Rule:212 - rule Rename TDESECB to CRYP_TDES_ECB is applicable
2021-04-22 18:37:37,665 [INFO] Rule:212 - rule Rename TDESCBC to CRYP_TDES_CBC is applicable
2021-04-22 18:37:37,665 [INFO] Rule:212 - rule Rename DESECB to CRYP_DES_ECB is applicable
2021-04-22 18:37:37,665 [INFO] Rule:212 - rule Rename DESCBC to CRYP_DES_CBC is applicable
2021-04-22 18:37:37,665 [INFO] Rule:212 - rule Rename AESECB to CRYP_AES_ECB is applicable
2021-04-22 18:37:37,665 [INFO] Rule:212 - rule Rename AESCBC to CRYP_AES_CBC is applicable
2021-04-22 18:37:37,665 [INFO] Rule:212 - rule Rename AESCTR to CRYP_AES_CTR is applicable
2021-04-22 18:37:37,665 [INFO] Rule:212 - rule Rename AESGCM to CRYP_AES_GCM is applicable
2021-04-22 18:37:37,665 [INFO] Rule:212 - rule Rename AESCCM to CRYP_AES_CCM is applicable
2021-04-22 18:37:37,665 [INFO] Rule:212 - rule Rename CAN TimeSeg1 to BS1 is applicable
2021-04-22 18:37:37,665 [INFO] Rule:212 - rule Rename CAN TimeSeg2 to BS2 is applicable
2021-04-22 18:37:37,665 [INFO] Rule:212 - rule Rename CAN SyncJumpWidth to SJW is applicable
2021-04-22 18:37:37,665 [INFO] Rule:212 - rule TimeTriggeredMode to TTCM is applicable
2021-04-22 18:37:37,665 [INFO] Rule:212 - rule Rename CAN AutoBusOff to ABOM is applicable
2021-04-22 18:37:37,665 [INFO] Rule:212 - rule Rename CAN AutoWakeUp to AWUM is applicable
2021-04-22 18:37:37,665 [INFO] Rule:212 - rule Rename CAN AutoRetransmission to NART is applicable
2021-04-22 18:37:37,665 [INFO] Rule:212 - rule Rename CAN ReceiveFifoLocked to RFLM is applicable
2021-04-22 18:37:37,665 [INFO] Rule:212 - rule Rename CAN TransmitFifoPriority to TXFP is applicable
2021-04-22 18:37:37,665 [INFO] Rule:212 - rule Rename HRTIMER HRTIM_OUTPUTFAULTLEVEL_HIGH in HRTIMER HRTIM_OUTPUTFAULTLEVEL_HIGHZ is applicable
2021-04-22 18:37:37,665 [INFO] Rule:212 - rule Rename TIMER TIM_CLEARINPUTSOURCE_OCREFCLR in  TIMER TIM_CLEARINPUTSOURCE_NONE for F7 family is applicable
2021-04-22 18:37:37,665 [INFO] Rule:212 - rule FDCAN_R1 - Rename FDCAN mode Master into Classic is applicable
2021-04-22 18:37:37,665 [INFO] Rule:212 - rule FDCAN_R2 - Rename FDCAN mode Slave into Classic is applicable
2021-04-22 18:37:37,665 [INFO] Rule:212 - rule FDCAN1_R3 - if PA10.Mode=FullDuplex, add Pin PA12 is applicable
2021-04-22 18:37:37,665 [INFO] Rule:212 - rule FDCAN1_R3 - if PA9.Mode=FullDuplex, add Pin PA11 is applicable
2021-04-22 18:37:37,665 [INFO] Rule:212 - rule FDCAN1_R3 - Alternatepin_1 - if PE1.Mode=FullDuplex, add Pin PB9 is applicable
2021-04-22 18:37:37,665 [INFO] Rule:212 - rule FDCAN1_R3 - Alternatepin_1 - if PE0.Mode=FullDuplex, add Pin PB8 is applicable
2021-04-22 18:37:37,665 [INFO] Rule:212 - rule FDCAN1_R3 - Alternatepin_2 - if PD5.Mode=FullDuplex, add Pin PD1 is applicable
2021-04-22 18:37:37,665 [INFO] Rule:212 - rule FDCAN1_R3 - Alternatepin_2 - if PD4.Mode=FullDuplex, add Pin PD0 is applicable
2021-04-22 18:37:37,665 [INFO] Rule:212 - rule FDCAN1_R4 - Rename Mode FullDuplex into Enable FDCAN_TXFD for pin PA10 is applicable
2021-04-22 18:37:37,665 [INFO] Rule:212 - rule FDCAN1_R4 - Rename Mode FullDuplex into Enable FDCAN_TXFD for pin PA9 is applicable
2021-04-22 18:37:37,665 [INFO] Rule:212 - rule FDCAN1_R4 - Alternatepin_1 - Rename Mode FullDuplex into Enable FDCAN_TXFD for pin PE1 is applicable
2021-04-22 18:37:37,665 [INFO] Rule:212 - rule FDCAN1_R4 - Alternatepin_1 - Rename Mode FullDuplex into Enable FDCAN_TXFD for pin PE0 is applicable
2021-04-22 18:37:37,665 [INFO] Rule:212 - rule FDCAN1_R4 - Alternatepin_2 - Rename Mode FullDuplex into Enable FDCAN_TXFD for pin PD5 is applicable
2021-04-22 18:37:37,665 [INFO] Rule:212 - rule FDCAN1_R4 - Alternatepin_2 - Rename Mode FullDuplex into Enable FDCAN_TXFD for pin PD4 is applicable
2021-04-22 18:37:37,665 [INFO] Rule:212 - rule FDCAN2_R3 - if PD10.Mode=FullDuplex, add Pin PB13 is applicable
2021-04-22 18:37:37,665 [INFO] Rule:212 - rule FDCAN2_R3 - if PD9.Mode=FullDuplex, add Pin PB12 is applicable
2021-04-22 18:37:37,665 [INFO] Rule:212 - rule FDCAN2_R3 - Alternatepin_1 - if PB7.Mode=FullDuplex, add Pin PB6 is applicable
2021-04-22 18:37:37,665 [INFO] Rule:212 - rule FDCAN2_R3 - Alternatepin_1 - if PD9.Mode=FullDuplex, add Pin PB12 is applicable
2021-04-22 18:37:37,665 [INFO] Rule:212 - rule FDCAN2_R4 - Rename Mode FullDuplex into Enable FDCAN_TXFD for pin PD10 is applicable
2021-04-22 18:37:37,665 [INFO] Rule:212 - rule FDCAN2_R4 - Rename Mode FullDuplex into Enable FDCAN_TXFD for pin PD9 is applicable
2021-04-22 18:37:37,665 [INFO] Rule:212 - rule FDCAN2_R4 - Alternatepin_1 - Rename Mode FullDuplex into Enable FDCAN_TXFD for pin PB7 is applicable
2021-04-22 18:37:37,665 [INFO] Rule:212 - rule FDCAN2_R4 - Alternatepin_1 - Rename Mode FullDuplex into Enable FDCAN_TXFD for pin PD6 is applicable
2021-04-22 18:37:37,665 [INFO] Rule:212 - rule USART TxPinLevelInvertParam Mode is applicable
2021-04-22 18:37:37,665 [INFO] Rule:212 - rule USART RxPinLevelInvertParam Mode is applicable
2021-04-22 18:37:37,665 [INFO] Rule:212 - rule USART DataInvertParam Mode is applicable
2021-04-22 18:37:37,665 [INFO] Rule:212 - rule USART SwapParam Mode is applicable
2021-04-22 18:37:37,665 [INFO] Rule:212 - rule USART OverrunDisableParam Mode is applicable
2021-04-22 18:37:37,665 [INFO] Rule:212 - rule USART DMADisableonRxErrorParam Mode is applicable
2021-04-22 18:37:37,665 [INFO] Rule:212 - rule USART MSBFirstParam Mode is applicable
2021-04-22 18:37:37,665 [INFO] Rule:212 - rule Update MwName for USB_DEVICE is applicable
2021-04-22 18:37:37,665 [INFO] Rule:212 - rule Change PWR_Regulator_Voltage_Scale Default Value for RCC  H7 family is applicable
2021-04-22 18:37:37,665 [INFO] Rule:212 - rule UART/USART IPParameter rename Prescaler parameter to ClockPrescaler is applicable
2021-04-22 18:37:37,665 [INFO] Rule:212 - rule UART/USART Prescaler rename Prescaler parameter to ClockPrescaler is applicable
2021-04-22 18:37:37,665 [INFO] Rule:212 - rule TIM1CLockSelection is applicable
2021-04-22 18:37:37,665 [INFO] Rule:212 - rule TIM15CLockSelection is applicable
2021-04-22 18:37:37,665 [INFO] Rule:212 - rule align RCC SDMMC3CLockSelection default value on MP1 is applicable
2021-04-22 18:37:37,665 [INFO] Rule:212 - rule align RCC SDMMC12CLockSelection default value on MP1 is applicable
2021-04-22 18:37:37,665 [INFO] Rule:212 - rule align RCC QSPICLockSelection default value on MP1 is applicable
2021-04-22 18:37:37,665 [INFO] Rule:212 - rule align RCC QSPICLockSelection default value on MP1 is applicable
2021-04-22 18:37:37,665 [INFO] Rule:212 - rule align RCC SPI6CLockSelection default value on MP1 is applicable
2021-04-22 18:37:37,665 [INFO] Rule:212 - rule align RCC LPTIM23CLockSelection default value on MP1 is applicable
2021-04-22 18:37:37,665 [INFO] Rule:212 - rule align RCC LPTIM1CLockSelection default value on MP1 is applicable
2021-04-22 18:37:37,665 [INFO] Rule:212 - rule align RCC USART1CLockSelection default value on MP1 is applicable
2021-04-22 18:37:37,665 [INFO] Rule:212 - rule align RCC USART24CLockSelection default value on MP1 is applicable
2021-04-22 18:37:37,665 [INFO] Rule:212 - rule align RCC USART6CLockSelection default value on MP1 is applicable
2021-04-22 18:37:37,665 [INFO] Rule:212 - rule align RCC UART78CLockSelection default value on MP1 is applicable
2021-04-22 18:37:37,665 [INFO] Rule:212 - rule align RCC USART35CLockSelection default value on MP1 is applicable
2021-04-22 18:37:37,665 [INFO] Rule:212 - rule align RCC SPI45CLockSelection default value on MP1 is applicable
2021-04-22 18:37:37,665 [INFO] Rule:212 - rule align RCC I2C46CLockSelection BCLK value on MP1 is applicable
2021-04-22 18:37:37,665 [INFO] Rule:212 - rule align RCC SPI45CLockSelection default value on MP1 is applicable
2021-04-22 18:37:37,665 [INFO] Rule:212 - rule align RCC I2C12CLockSelection default value on MP1 is applicable
2021-04-22 18:37:37,665 [INFO] Rule:212 - rule align RCC I2C35CLockSelection default value on MP1 is applicable
2021-04-22 18:37:37,665 [INFO] Rule:212 - rule align RCC LPTIM45CLockSelection default value on MP1 is applicable
2021-04-22 18:37:37,665 [INFO] Rule:212 - rule Rename DCMI PIXCK signal is applicable
2021-04-22 18:37:37,665 [INFO] Rule:212 - rule Change Default Value for I2C46CLockSelection MP1 family is applicable
2021-04-22 18:37:37,665 [INFO] Rule:212 - rule Change Default Value for UART for G4, G0 and WB families is applicable
2021-04-22 18:37:37,665 [INFO] Rule:212 - rule Change Default Value for USART for G4, G0 and WB families is applicable
2021-04-22 18:37:37,665 [INFO] Rule:212 - rule Change Default Value for USART for G4 family is applicable
2021-04-22 18:37:37,665 [INFO] Rule:212 - rule Change USART1CLockSelection refparam name for MP1 is applicable
2021-04-22 18:37:37,665 [INFO] Rule:212 - rule Change USART2CLockSelection refparam name for MP1 is applicable
2021-04-22 18:37:37,665 [INFO] Rule:212 - rule Change USART3CLockSelection refparam name for MP1 is applicable
2021-04-22 18:37:37,665 [INFO] Rule:212 - rule Change UART4CLockSelection refparam name for MP1 is applicable
2021-04-22 18:37:37,665 [INFO] Rule:212 - rule Change UART5CLockSelection refparam name for MP1 is applicable
2021-04-22 18:37:37,665 [INFO] Rule:212 - rule Change LPUART1CLockSelection refparam name for MP1 is applicable
2021-04-22 18:37:37,665 [INFO] Rule:212 - rule Change LPTIM1CLockSelection refparam name for MP1 is applicable
2021-04-22 18:37:37,665 [INFO] Rule:212 - rule Change LPTIM2CLockSelection refparam name for MP1 is applicable
2021-04-22 18:37:37,665 [INFO] Rule:212 - rule Change RCC_MCO1Source refparam name for MP1 is applicable
2021-04-22 18:37:37,665 [INFO] Rule:212 - rule Change LSCOSource1 refparam name for MP1 is applicable
2021-04-22 18:37:37,665 [INFO] Rule:212 - rule Change SMPSCLockSelection refparam name for MP1 is applicable
2021-04-22 18:37:37,665 [INFO] Rule:212 - rule Change LPTIM3CLockSelection refparam name for MP1 is applicable
2021-04-22 18:37:37,665 [INFO] Rule:212 - rule Change MPCBB* Default Template Mode to Parameters is applicable
2021-04-22 18:37:37,665 [INFO] Rule:212 - rule Change MPCWM* or MPCBB* Secure Mode to Parameters is applicable
2021-04-22 18:37:37,665 [INFO] Rule:212 - rule Change MPCWM* or MPCBB* No Secure Mode to Parameters is applicable
2021-04-22 18:37:37,665 [INFO] Rule:212 - rule Change TZSC IP Secure Mode to Parameters is applicable
2021-04-22 18:37:37,665 [INFO] Rule:212 - rule Change TZSC IP No Secure Mode to Parameters is applicable
2021-04-22 18:37:37,665 [INFO] Rule:212 - rule Change TZSC IP Privilege Mode to Parameters is applicable
2021-04-22 18:37:37,665 [INFO] Rule:212 - rule Change TZSC IP No Privilege Mode to Parameters is applicable
2021-04-22 18:37:37,665 [INFO] Rule:212 - rule Change TZIC IT Secure Mode to Parameters is applicable
2021-04-22 18:37:37,665 [INFO] Rule:212 - rule Change TZIC IT No Secure Mode to Parameters is applicable
2021-04-22 18:37:37,665 [INFO] Rule:212 - rule Add MPCBB1_NonSecureArea_Start_Address value with referenced to MPCBB1_NonSecureArea_Start value is applicable
2021-04-22 18:37:37,665 [INFO] Rule:212 - rule Add MPCBB2_NonSecureArea_Start_Address value with referenced to MPCBB2_NonSecureArea_Start value is applicable
2021-04-22 18:37:37,665 [INFO] Rule:212 - rule Add MPCWM1_NonSecureArea*_Start_Address value with referenced to MPCWM1_NonSecureArea*_Start value is applicable
2021-04-22 18:37:37,665 [INFO] Rule:212 - rule Add MPCWM2_NonSecureArea*_Start_Address value with referenced to MPCWM2_NonSecureArea*_Start value is applicable
2021-04-22 18:37:37,665 [INFO] Rule:212 - rule Add MPCWM3_NonSecureArea_Start_Address value with referenced to MPCWM3_NonSecureArea_Start value is applicable
2021-04-22 18:37:37,665 [INFO] Rule:212 - rule Change Default Value for PLL1UserDefinedConfig is applicable
2021-04-22 18:37:37,665 [INFO] Rule:212 - rule Change GPIO_PuPd Default Value for USART in async mode is applicable
2021-04-22 18:37:37,665 [INFO] Rule:212 - rule Change SMPSDivider Default Value is applicable
2021-04-22 18:37:37,665 [INFO] Rule:212 - rule OPAMP is applicable
2021-04-22 18:37:37,665 [INFO] Rule:212 - rule LPUART IPParameter rename Prescaler parameter to ClockPrescaler for STM32H7 is applicable
2021-04-22 18:37:37,665 [INFO] Rule:212 - rule LPUART IPParameter rename Prescaler parameter to ClockPrescaler for STM32H7 is applicable
2021-04-22 18:37:37,665 [INFO] Rule:212 - rule LPUART IPParameter rename Prescaler parameter to ClockPrescaler for STM32WB is applicable
2021-04-22 18:37:37,665 [INFO] Rule:212 - rule LPUART IPParameter rename Prescaler parameter to ClockPrescaler for STM32WB is applicable
2021-04-22 18:37:37,665 [INFO] Rule:212 - rule LPUART IPParameter rename Prescaler parameter to ClockPrescaler for STM32G4 is applicable
2021-04-22 18:37:37,665 [INFO] Rule:212 - rule LPUART IPParameter rename Prescaler parameter to ClockPrescaler for STM32G4 is applicable
2021-04-22 18:37:37,665 [INFO] Rule:212 - rule LPUART IPParameter rename Prescaler parameter to ClockPrescaler for STM32L5 is applicable
2021-04-22 18:37:37,665 [INFO] Rule:212 - rule LPUART IPParameter rename Prescaler parameter to ClockPrescaler for STM32G4 is applicable
2021-04-22 18:37:37,665 [INFO] Rule:212 - rule LPUART IPParameter rename Prescaler parameter to ClockPrescaler for STM32G4 is applicable
2021-04-22 18:37:37,665 [INFO] Rule:212 - rule USB device lib V2.5.3 for L0 rename USBD_SUPPORT_USER_STRING parameter to USBD_SUPPORT_USER_STRING_DESC4 is applicable
2021-04-22 18:37:37,665 [INFO] Rule:212 - rule I2SCLockSelection clock entry align is applicable
2021-04-22 18:37:37,665 [INFO] Rule:212 - rule Assign TIMx context if used as SYS timebase is applicable
2021-04-22 18:37:37,681 [INFO] DbConfProperties:294 - Apply Compatibility (46/193 Rules)
2021-04-22 18:37:37,697 [INFO] ImportTextPane:162 - (OptionalMessage_ERROR) Unable to find key (Mcu.ThirdPartyNb) in loaded IOC file
2021-04-22 18:37:37,743 [WARN] ApiManager:294 - Cannot register API 'Board Extension:S2868A1' from pack STMicroelectronics.X-CUBE-SFXS2LP1.3.0.0: no header file found
2021-04-22 18:37:37,743 [WARN] ApiManager:294 - Cannot register API 'Board Extension:S2868A2' from pack STMicroelectronics.X-CUBE-SFXS2LP1.3.0.0: no header file found
2021-04-22 18:37:37,743 [WARN] ApiManager:294 - Cannot register API 'Board Extension:S2915A1' from pack STMicroelectronics.X-CUBE-SFXS2LP1.3.0.0: no header file found
2021-04-22 18:37:37,743 [WARN] ApiManager:294 - Cannot register API 'Board Extension:S2868A1' from pack STMicroelectronics.X-CUBE-SUBG2.3.0.1: no header file found
2021-04-22 18:37:37,759 [WARN] ApiManager:294 - Cannot register API 'Board Extension:S2868A2' from pack STMicroelectronics.X-CUBE-SUBG2.3.0.1: no header file found
2021-04-22 18:37:37,759 [WARN] ApiManager:294 - Cannot register API 'Board Extension:S2915A1' from pack STMicroelectronics.X-CUBE-SUBG2.3.0.1: no header file found
2021-04-22 18:37:37,759 [WARN] ModelIntegratedComponent:51 - No mode defined for component null
2021-04-22 18:37:37,759 [WARN] ModelIntegratedComponent:51 - No mode defined for component null
2021-04-22 18:37:37,759 [WARN] ModelIntegratedComponent:51 - No mode defined for component null
2021-04-22 18:37:37,759 [WARN] ModelIntegratedComponent:51 - No mode defined for component null
2021-04-22 18:37:37,759 [WARN] ModelIntegratedComponent:51 - No mode defined for component null
2021-04-22 18:37:37,759 [WARN] ModelIntegratedComponent:51 - No mode defined for component null
2021-04-22 18:37:37,759 [WARN] ModelIntegratedComponent:51 - No mode defined for component null
2021-04-22 18:37:37,759 [WARN] ModelIntegratedComponent:51 - No mode defined for component null
2021-04-22 18:37:37,759 [WARN] ModelIntegratedComponent:51 - No mode defined for component null
2021-04-22 18:37:37,759 [WARN] ModelIntegratedComponent:51 - No mode defined for component null
2021-04-22 18:37:37,759 [WARN] ModelIntegratedComponent:51 - No mode defined for component null
2021-04-22 18:37:37,759 [WARN] ModelIntegratedComponent:51 - No mode defined for component null
2021-04-22 18:37:37,759 [WARN] ModelIntegratedComponent:51 - No mode defined for component null
2021-04-22 18:37:37,759 [WARN] ModelIntegratedComponent:51 - No mode defined for component null
2021-04-22 18:37:37,759 [WARN] ModelIntegratedComponent:51 - No mode defined for component null
2021-04-22 18:37:37,759 [WARN] ModelIntegratedComponent:51 - No mode defined for component null
2021-04-22 18:37:37,759 [WARN] ModelIntegratedComponent:51 - No mode defined for component null
2021-04-22 18:37:37,759 [WARN] ModelIntegratedComponent:51 - No mode defined for component null
2021-04-22 18:37:37,759 [WARN] ModelIntegratedComponent:51 - No mode defined for component null
2021-04-22 18:37:37,759 [WARN] ModelIntegratedComponent:51 - No mode defined for component null
2021-04-22 18:37:37,759 [WARN] ModelIntegratedComponent:51 - No mode defined for component null
2021-04-22 18:37:37,759 [WARN] ModelIntegratedComponent:51 - No mode defined for component null
2021-04-22 18:37:37,759 [WARN] ModelIntegratedComponent:51 - No mode defined for component null
2021-04-22 18:37:37,759 [WARN] ModelIntegratedComponent:51 - No mode defined for component null
2021-04-22 18:37:37,759 [WARN] ModelIntegratedComponent:51 - No mode defined for component null
2021-04-22 18:37:37,759 [WARN] ModelIntegratedComponent:51 - No mode defined for component null
2021-04-22 18:37:37,759 [WARN] ModelIntegratedComponent:51 - No mode defined for component null
2021-04-22 18:37:37,759 [WARN] ModelIntegratedComponent:51 - No mode defined for component null
2021-04-22 18:37:37,759 [WARN] ModelIntegratedComponent:51 - No mode defined for component null
2021-04-22 18:37:37,759 [WARN] ModelIntegratedComponent:51 - No mode defined for component null
2021-04-22 18:37:37,759 [WARN] ModelIntegratedComponent:51 - No mode defined for component null
2021-04-22 18:37:37,759 [WARN] ModelIntegratedComponent:51 - No mode defined for component null
2021-04-22 18:37:37,759 [WARN] ModelIntegratedComponent:51 - No mode defined for component null
2021-04-22 18:37:37,759 [WARN] ModelIntegratedComponent:51 - No mode defined for component null
2021-04-22 18:37:37,759 [WARN] ModelIntegratedComponent:51 - No mode defined for component null
2021-04-22 18:37:37,759 [WARN] ModelIntegratedComponent:51 - No mode defined for component null
2021-04-22 18:37:37,759 [WARN] ModelIntegratedComponent:51 - No mode defined for component null
2021-04-22 18:37:37,759 [WARN] ModelIntegratedComponent:51 - No mode defined for component null
2021-04-22 18:37:37,759 [WARN] ApiManager:294 - Cannot register API 'Board Extension:S2868A1' from pack STMicroelectronics.X-CUBE-SFXS2LP1.2.0.0: no header file found
2021-04-22 18:37:37,759 [WARN] ApiManager:294 - Cannot register API 'Board Extension:S2868A2' from pack STMicroelectronics.X-CUBE-SFXS2LP1.2.0.0: no header file found
2021-04-22 18:37:37,759 [WARN] ApiManager:294 - Cannot register API 'Board Extension:S2915A1' from pack STMicroelectronics.X-CUBE-SFXS2LP1.2.0.0: no header file found
2021-04-22 18:37:37,759 [WARN] ApiManager:294 - Cannot register API 'Board Extension:S2868A1' from pack STMicroelectronics.X-CUBE-SUBG2.4.0.0: no header file found
2021-04-22 18:37:37,759 [WARN] ApiManager:294 - Cannot register API 'Board Extension:S2868A2' from pack STMicroelectronics.X-CUBE-SUBG2.4.0.0: no header file found
2021-04-22 18:37:37,759 [WARN] ApiManager:294 - Cannot register API 'Board Extension:S2915A1' from pack STMicroelectronics.X-CUBE-SUBG2.4.0.0: no header file found
2021-04-22 18:37:37,822 [WARN] ApiManager:294 - Cannot register API 'Board Extension:IKS01A3' from pack STMicroelectronics.X-CUBE-MEMS1.8.2.0: no header file found
2021-04-22 18:37:37,822 [WARN] ApiManager:294 - Cannot register API 'Board Extension:IKS01A2' from pack STMicroelectronics.X-CUBE-MEMS1.8.2.0: no header file found
2021-04-22 18:37:37,822 [WARN] ApiManager:294 - Cannot register API 'Board Extension:IKS02A1' from pack STMicroelectronics.X-CUBE-MEMS1.8.2.0: no header file found
2021-04-22 18:37:37,822 [WARN] ApiManager:294 - Cannot register API 'Board Extension:EEPRMA1' from pack STMicroelectronics.X-CUBE-EEPRMA1.3.0.0: no header file found
2021-04-22 18:37:37,822 [WARN] ApiManager:294 - Cannot register API 'Board Extension:EEPRMA2' from pack STMicroelectronics.X-CUBE-EEPRMA1.3.0.0: no header file found
2021-04-22 18:37:37,868 [WARN] ApiManager:294 - Cannot register API 'Board Extension:IKS01A3' from pack STMicroelectronics.X-CUBE-MEMS1.8.3.0: no header file found
2021-04-22 18:37:37,868 [WARN] ApiManager:294 - Cannot register API 'Board Extension:IKS01A2' from pack STMicroelectronics.X-CUBE-MEMS1.8.3.0: no header file found
2021-04-22 18:37:37,868 [WARN] ApiManager:294 - Cannot register API 'Board Extension:IKS02A1' from pack STMicroelectronics.X-CUBE-MEMS1.8.3.0: no header file found
2021-04-22 18:37:37,868 [INFO] RtosManager:464 - Registered RTOS mode: class=CMSIS, group=RTOS, mode=CMSIS_V1, owner=FREERTOS
2021-04-22 18:37:37,868 [INFO] RtosManager:464 - Registered RTOS mode: class=CMSIS, group=RTOS2, mode=CMSIS_V2, owner=FREERTOS
2021-04-22 18:37:37,868 [INFO] RtosManager:464 - Registered RTOS mode: class=RTOS, group=Core, mode=CMSIS_V1, owner=FREERTOS
2021-04-22 18:37:37,868 [INFO] RtosManager:464 - Registered RTOS mode: class=RTOS, group=Core, mode=CMSIS_V2, owner=FREERTOS
2021-04-22 18:37:37,868 [WARN] ModelIntegratedComponent:182 - Missing modes for component STMicroelectronics:FreeRTOS:0.0.1:STMicroelectronics:RTOS:FreeRTOS:Core:::10.2.0:
2021-04-22 18:37:37,868 [WARN] ModelIntegratedComponent:180 - Modes not found for component STMicroelectronics:USB_DEVICE:1.0.0:STMicroelectronics:USB::USB Device:Audio HS::1.0:USB_DEVICE_1_0_RESTRICTED_HS
2021-04-22 18:37:37,868 [WARN] ModelIntegratedComponent:186 - Modes not found for component STMicroelectronics:USB_DEVICE:1.0.0:STMicroelectronics:USB::USB Device:Audio HS::1.0:USB_DEVICE_1_0_RESTRICTED_HS
2021-04-22 18:37:37,868 [WARN] ModelIntegratedComponent:180 - Modes not found for component STMicroelectronics:USB_DEVICE:1.0.0:STMicroelectronics:USB::USB Device:CDC HS::1.0:USB_DEVICE_1_0_RESTRICTED_HS
2021-04-22 18:37:37,868 [WARN] ModelIntegratedComponent:186 - Modes not found for component STMicroelectronics:USB_DEVICE:1.0.0:STMicroelectronics:USB::USB Device:CDC HS::1.0:USB_DEVICE_1_0_RESTRICTED_HS
2021-04-22 18:37:37,868 [WARN] ModelIntegratedComponent:180 - Modes not found for component STMicroelectronics:USB_DEVICE:1.0.0:STMicroelectronics:USB::USB Device:DFU HS::1.0:USB_DEVICE_1_0_RESTRICTED_HS
2021-04-22 18:37:37,868 [WARN] ModelIntegratedComponent:186 - Modes not found for component STMicroelectronics:USB_DEVICE:1.0.0:STMicroelectronics:USB::USB Device:DFU HS::1.0:USB_DEVICE_1_0_RESTRICTED_HS
2021-04-22 18:37:37,868 [WARN] ModelIntegratedComponent:180 - Modes not found for component STMicroelectronics:USB_DEVICE:1.0.0:STMicroelectronics:USB::USB Device:HID HS::1.0:USB_DEVICE_1_0_RESTRICTED_HS
2021-04-22 18:37:37,868 [WARN] ModelIntegratedComponent:186 - Modes not found for component STMicroelectronics:USB_DEVICE:1.0.0:STMicroelectronics:USB::USB Device:HID HS::1.0:USB_DEVICE_1_0_RESTRICTED_HS
2021-04-22 18:37:37,868 [WARN] ModelIntegratedComponent:180 - Modes not found for component STMicroelectronics:USB_DEVICE:1.0.0:STMicroelectronics:USB::USB Device:Custom HID HS::1.0:USB_DEVICE_1_0_RESTRICTED_HS
2021-04-22 18:37:37,868 [WARN] ModelIntegratedComponent:186 - Modes not found for component STMicroelectronics:USB_DEVICE:1.0.0:STMicroelectronics:USB::USB Device:Custom HID HS::1.0:USB_DEVICE_1_0_RESTRICTED_HS
2021-04-22 18:37:37,868 [WARN] ModelIntegratedComponent:180 - Modes not found for component STMicroelectronics:USB_DEVICE:1.0.0:STMicroelectronics:USB::USB Device:MSC HS::1.0:USB_DEVICE_1_0_RESTRICTED_HS
2021-04-22 18:37:37,868 [WARN] ModelIntegratedComponent:186 - Modes not found for component STMicroelectronics:USB_DEVICE:1.0.0:STMicroelectronics:USB::USB Device:MSC HS::1.0:USB_DEVICE_1_0_RESTRICTED_HS
2021-04-22 18:37:37,868 [WARN] ApiManager:294 - Cannot register API 'Board Extension:GNSS1A1' from pack STMicroelectronics.X-CUBE-GNSS1.5.1.0: no header file found
2021-04-22 18:37:37,868 [WARN] ApiManager:294 - Cannot register API 'Board Support:Custom' from pack STMicroelectronics.X-CUBE-GNSS1.5.1.0: no header file found
2021-04-22 18:37:37,868 [WARN] ApiManager:294 - Cannot register API 'Data Exchange:lib_gnss' from pack STMicroelectronics.X-CUBE-GNSS1.5.1.0: no header file found
2021-04-22 18:37:37,868 [WARN] ApiManager:294 - Cannot register API 'Board Extension:GNSS1A1' from pack STMicroelectronics.X-CUBE-GNSS1.5.2.0: no header file found
2021-04-22 18:37:37,868 [WARN] ApiManager:294 - Cannot register API 'Board Support:Custom' from pack STMicroelectronics.X-CUBE-GNSS1.5.2.0: no header file found
2021-04-22 18:37:37,868 [WARN] ApiManager:294 - Cannot register API 'Data Exchange:lib_gnss' from pack STMicroelectronics.X-CUBE-GNSS1.5.2.0: no header file found
2021-04-22 18:37:37,868 [WARN] ApiManager:294 - Cannot register API 'Wireless:BlueNRG-MS' from pack STMicroelectronics.X-CUBE-BLE1.6.1.0: no header file found
2021-04-22 18:37:37,868 [WARN] ModelIntegratedComponent:180 - Modes not found for component STMicroelectronics:USB_HOST:1.0.0:STMicroelectronics:USB::USB Host:Audio HS::1.0:USB_HOST_1_0_RESTRICTED_HS
2021-04-22 18:37:37,868 [WARN] ModelIntegratedComponent:186 - Modes not found for component STMicroelectronics:USB_HOST:1.0.0:STMicroelectronics:USB::USB Host:Audio HS::1.0:USB_HOST_1_0_RESTRICTED_HS
2021-04-22 18:37:37,868 [WARN] ModelIntegratedComponent:180 - Modes not found for component STMicroelectronics:USB_HOST:1.0.0:STMicroelectronics:USB::USB Host:CDC HS::1.0:USB_HOST_1_0_RESTRICTED_HS
2021-04-22 18:37:37,868 [WARN] ModelIntegratedComponent:186 - Modes not found for component STMicroelectronics:USB_HOST:1.0.0:STMicroelectronics:USB::USB Host:CDC HS::1.0:USB_HOST_1_0_RESTRICTED_HS
2021-04-22 18:37:37,868 [WARN] ModelIntegratedComponent:180 - Modes not found for component STMicroelectronics:USB_HOST:1.0.0:STMicroelectronics:USB::USB Host:MSC HS::1.0:USB_HOST_1_0_RESTRICTED_HS
2021-04-22 18:37:37,868 [WARN] ModelIntegratedComponent:186 - Modes not found for component STMicroelectronics:USB_HOST:1.0.0:STMicroelectronics:USB::USB Host:MSC HS::1.0:USB_HOST_1_0_RESTRICTED_HS
2021-04-22 18:37:37,868 [WARN] ModelIntegratedComponent:180 - Modes not found for component STMicroelectronics:USB_HOST:1.0.0:STMicroelectronics:USB::USB Host:HID HS::1.0:USB_HOST_1_0_RESTRICTED_HS
2021-04-22 18:37:37,868 [WARN] ModelIntegratedComponent:186 - Modes not found for component STMicroelectronics:USB_HOST:1.0.0:STMicroelectronics:USB::USB Host:HID HS::1.0:USB_HOST_1_0_RESTRICTED_HS
2021-04-22 18:37:37,868 [WARN] ModelIntegratedComponent:180 - Modes not found for component STMicroelectronics:USB_HOST:1.0.0:STMicroelectronics:USB::USB Host:MTP HS::1.0:USB_HOST_1_0_RESTRICTED_HS
2021-04-22 18:37:37,868 [WARN] ModelIntegratedComponent:186 - Modes not found for component STMicroelectronics:USB_HOST:1.0.0:STMicroelectronics:USB::USB Host:MTP HS::1.0:USB_HOST_1_0_RESTRICTED_HS
2021-04-22 18:37:37,868 [WARN] ApiManager:294 - Cannot register API 'Board Extension:NFC04A1' from pack STMicroelectronics.X-CUBE-NFC4.2.0.2: no header file found
2021-04-22 18:37:37,868 [WARN] ApiManager:294 - Cannot register API 'Board Extension:NFC04A1' from pack STMicroelectronics.X-CUBE-NFC4.2.0.1: no header file found
2021-04-22 18:37:37,868 [WARN] ApiManager:294 - Cannot register API 'Wireless:BlueNRG-2' from pack STMicroelectronics.X-CUBE-BLE2.3.1.0: no header file found
2021-04-22 18:37:37,868 [WARN] ApiManager:294 - Cannot register API 'Wireless:BlueNRG-2' from pack STMicroelectronics.X-CUBE-BLE2.3.2.0: no header file found
2021-04-22 18:37:38,310 [INFO] ImportTextPane:162 - (OptionalMessage_ERROR) IP (RCC) : Parameter (48MHZClocksFreq_Value) has invalid value (84000000)
2021-04-22 18:37:38,310 [INFO] ImportTextPane:162 - (OptionalMessage_ERROR) IP (RCC) : Parameter (FLatency) has Id (AdvancedSettings) currently not set
2021-04-22 18:37:38,310 [INFO] ImportTextPane:162 - (OptionalMessage_ERROR) IP (RCC) : Parameter (RTCHSEDivFreq_Value) has invalid value (4000000)
2021-04-22 18:37:38,454 [INFO] UtilMem:74 - End LoadConfig() Used Memory: 561369992 Bytes (739246080)
2021-04-22 18:37:38,454 [WARN] ThirdParty:749 - waiting for thirdparty lock release [change project]
2021-04-22 18:37:38,454 [INFO] ThirdParty:751 - entering critical section [change project]
2021-04-22 18:37:38,454 [INFO] ThirdParty:939 - CMSIS Pack Vendor :RoweBots I-CUBE-UNISONRTOS 5.5.0-4
2021-04-22 18:37:38,454 [INFO] ThirdParty:939 - CMSIS Pack Vendor :STMicroelectronics X-CUBE-SFXS2LP1 3.0.0
2021-04-22 18:37:38,454 [INFO] ThirdParty:939 - CMSIS Pack Vendor :STMicroelectronics USB_HOST 2.0.0
2021-04-22 18:37:38,454 [INFO] ThirdParty:939 - CMSIS Pack Vendor :STMicroelectronics X-CUBE-SUBG2 3.0.1
2021-04-22 18:37:38,454 [INFO] ThirdParty:939 - CMSIS Pack Vendor :STMicroelectronics USB_DEVICE 3.0.0
2021-04-22 18:37:38,454 [INFO] ThirdParty:939 - CMSIS Pack Vendor :STMicroelectronics HAL Drivers 0.0.0
2021-04-22 18:37:38,454 [INFO] ThirdParty:939 - CMSIS Pack Vendor :STMicroelectronics MBEDTLS 2.16.2
2021-04-22 18:37:38,454 [INFO] ThirdParty:939 - CMSIS Pack Vendor :STMicroelectronics X-CUBE-SFXS2LP1 2.0.0
2021-04-22 18:37:38,454 [INFO] ThirdParty:939 - CMSIS Pack Vendor :STMicroelectronics MBEDTLS 2.14.1
2021-04-22 18:37:38,454 [INFO] ThirdParty:939 - CMSIS Pack Vendor :STMicroelectronics X-CUBE-SUBG2 4.0.0
2021-04-22 18:37:38,454 [INFO] ThirdParty:939 - CMSIS Pack Vendor :STMicroelectronics X-CUBE-TOF1 1.0.0
2021-04-22 18:37:38,454 [INFO] ThirdParty:939 - CMSIS Pack Vendor :STMicroelectronics X-CUBE-AZRTOS-H7 1.0.0
2021-04-22 18:37:38,454 [INFO] ThirdParty:939 - CMSIS Pack Vendor :STMicroelectronics USB_DEVICE 2.0.0
2021-04-22 18:37:38,454 [INFO] ThirdParty:939 - CMSIS Pack Vendor :STMicroelectronics X-CUBE-MEMS1 8.2.0
2021-04-22 18:37:38,454 [INFO] ThirdParty:939 - CMSIS Pack Vendor :STMicroelectronics X-CUBE-EEPRMA1 3.0.0
2021-04-22 18:37:38,454 [INFO] ThirdParty:939 - CMSIS Pack Vendor :STMicroelectronics X-CUBE-MEMS1 8.3.0
2021-04-22 18:37:38,454 [INFO] ThirdParty:939 - CMSIS Pack Vendor :STMicroelectronics X-CUBE-DISPLAY 1.0.0
2021-04-22 18:37:38,454 [INFO] ThirdParty:939 - CMSIS Pack Vendor :STMicroelectronics FreeRTOS 0.0.1
2021-04-22 18:37:38,454 [INFO] ThirdParty:939 - CMSIS Pack Vendor :STMicroelectronics USB_DEVICE 1.0.0
2021-04-22 18:37:38,454 [INFO] ThirdParty:939 - CMSIS Pack Vendor :STMicroelectronics X-CUBE-AI 6.0.0
2021-04-22 18:37:38,454 [INFO] ThirdParty:939 - CMSIS Pack Vendor :STMicroelectronics X-CUBE-ALGOBUILD 1.1.0
2021-04-22 18:37:38,454 [INFO] ThirdParty:939 - CMSIS Pack Vendor :STMicroelectronics X-CUBE-ALGOBUILD 1.2.0
2021-04-22 18:37:38,454 [INFO] ThirdParty:939 - CMSIS Pack Vendor :STMicroelectronics X-CUBE-GNSS1 5.1.0
2021-04-22 18:37:38,454 [INFO] ThirdParty:939 - CMSIS Pack Vendor :STMicroelectronics X-CUBE-GNSS1 5.2.0
2021-04-22 18:37:38,454 [INFO] ThirdParty:939 - CMSIS Pack Vendor :STMicroelectronics X-CUBE-BLE1 6.1.0
2021-04-22 18:37:38,454 [INFO] ThirdParty:939 - CMSIS Pack Vendor :STMicroelectronics lwIP 2.0.3
2021-04-22 18:37:38,454 [INFO] ThirdParty:939 - CMSIS Pack Vendor :STMicroelectronics lwIP 2.1.2
2021-04-22 18:37:38,454 [INFO] ThirdParty:939 - CMSIS Pack Vendor :STMicroelectronics USB_HOST 1.0.0
2021-04-22 18:37:38,454 [INFO] ThirdParty:939 - CMSIS Pack Vendor :STMicroelectronics X-CUBE-NFC4 2.0.2
2021-04-22 18:37:38,454 [INFO] ThirdParty:939 - CMSIS Pack Vendor :STMicroelectronics X-CUBE-NFC4 2.0.1
2021-04-22 18:37:38,454 [INFO] ThirdParty:939 - CMSIS Pack Vendor :wolfSSL I-CUBE-wolfSSL 4.7.0
2021-04-22 18:37:38,454 [INFO] ThirdParty:939 - CMSIS Pack Vendor :STMicroelectronics X-CUBE-TOUCHGFX 4.16.1
2021-04-22 18:37:38,454 [INFO] ThirdParty:939 - CMSIS Pack Vendor :STMicroelectronics X-CUBE-AI 5.2.0
2021-04-22 18:37:38,454 [INFO] ThirdParty:939 - CMSIS Pack Vendor :STMicroelectronics PDM2PCM 3.1.0
2021-04-22 18:37:38,454 [INFO] ThirdParty:939 - CMSIS Pack Vendor :STMicroelectronics X-CUBE-TOUCHGFX 4.16.0
2021-04-22 18:37:38,454 [INFO] ThirdParty:939 - CMSIS Pack Vendor :STMicroelectronics PDM2PCM 3.2.0
2021-04-22 18:37:38,454 [INFO] ThirdParty:939 - CMSIS Pack Vendor :STMicroelectronics X-CUBE-BLE2 3.1.0
2021-04-22 18:37:38,454 [INFO] ThirdParty:939 - CMSIS Pack Vendor :STMicroelectronics PDM2PCM 3.3.0
2021-04-22 18:37:38,454 [INFO] ThirdParty:939 - CMSIS Pack Vendor :STMicroelectronics X-CUBE-BLE2 3.2.0
2021-04-22 18:37:38,454 [INFO] ThirdParty:757 - exiting critical section [change project]
2021-04-22 18:37:38,616 [INFO] PinOutPanel:1434 - setPackage(No Configuration,No Configuration)
2021-04-22 18:37:38,616 [INFO] PinOutPanel:1434 - setPackage(STM32F411RETx,LQFP64)
2021-04-22 18:37:39,032 [INFO] UtilMem:74 - Before build in PCC Used Memory: 370500936 Bytes (739246080)
2021-04-22 18:37:39,407 [INFO] SharedServices:72 - Folder for power plug-in: C:/Users/admin/.stm32cubemx/plugins/power
2021-04-22 18:37:39,454 [INFO] SharedServices:72 - Folder for power plug-in: C:/Users/admin/.stm32cubemx/plugins/power
2021-04-22 18:37:39,470 [INFO] SharedServices:72 - Folder for power plug-in: C:/Users/admin/.stm32cubemx/plugins/power
2021-04-22 18:37:39,485 [INFO] SharedServices:72 - Folder for power plug-in: C:/Users/admin/.stm32cubemx/plugins/power
2021-04-22 18:37:39,626 [INFO] UtilMem:74 - After build in PCC Used Memory: 423978312 Bytes (739246080)
2021-04-22 18:37:39,641 [INFO] IPUIPlugin:64 - create IPUIPlugin
2021-04-22 18:37:39,641 [INFO] IPUIPlugin:64 - create IPUIPlugin
2021-04-22 18:37:39,641 [INFO] IPUIPlugin:64 - create IPUIPlugin
2021-04-22 18:37:39,641 [INFO] IPUIPlugin:64 - create IPUIPlugin
2021-04-22 18:37:39,641 [INFO] IPUIPlugin:64 - create IPUIPlugin
2021-04-22 18:37:39,641 [INFO] IPUIPlugin:64 - create IPUIPlugin
2021-04-22 18:37:39,641 [INFO] IPUIPlugin:64 - create IPUIPlugin
2021-04-22 18:37:39,641 [INFO] IPUIPlugin:64 - create IPUIPlugin
2021-04-22 18:37:39,641 [INFO] IPUIPlugin:64 - create IPUIPlugin
2021-04-22 18:37:39,641 [INFO] IPUIPlugin:64 - create IPUIPlugin
2021-04-22 18:37:39,641 [INFO] IPUIPlugin:64 - create IPUIPlugin
2021-04-22 18:37:39,641 [INFO] IPUIPlugin:64 - create IPUIPlugin
2021-04-22 18:37:39,641 [INFO] IPUIPlugin:64 - create IPUIPlugin
2021-04-22 18:37:39,641 [INFO] IPUIPlugin:64 - create IPUIPlugin
2021-04-22 18:37:39,641 [INFO] IPUIPlugin:64 - create IPUIPlugin
2021-04-22 18:37:39,641 [INFO] IPUIPlugin:64 - create IPUIPlugin
2021-04-22 18:37:39,641 [INFO] IPUIPlugin:64 - create IPUIPlugin
2021-04-22 18:37:39,641 [INFO] IPUIPlugin:64 - create IPUIPlugin
2021-04-22 18:37:39,641 [INFO] IPUIPlugin:64 - create IPUIPlugin
2021-04-22 18:37:39,641 [INFO] IPUIPlugin:64 - create IPUIPlugin
2021-04-22 18:37:39,641 [INFO] IPUIPlugin:64 - create IPUIPlugin
2021-04-22 18:37:39,641 [INFO] IPUIPlugin:64 - create IPUIPlugin
2021-04-22 18:37:39,641 [INFO] IPUIPlugin:64 - create IPUIPlugin
2021-04-22 18:37:39,641 [INFO] IPUIPlugin:64 - create IPUIPlugin
2021-04-22 18:37:39,641 [INFO] IPUIPlugin:64 - create IPUIPlugin
2021-04-22 18:37:39,641 [INFO] IPUIPlugin:64 - create IPUIPlugin
2021-04-22 18:37:39,641 [INFO] IPUIPlugin:64 - create IPUIPlugin
2021-04-22 18:37:39,641 [INFO] IPUIPlugin:64 - create IPUIPlugin
2021-04-22 18:37:39,641 [INFO] IPUIPlugin:64 - create IPUIPlugin
2021-04-22 18:37:39,641 [INFO] IPUIPlugin:64 - create IPUIPlugin
2021-04-22 18:37:39,641 [INFO] IPUIPlugin:64 - create IPUIPlugin
2021-04-22 18:37:39,641 [INFO] IPUIPlugin:64 - create IPUIPlugin
2021-04-22 18:37:39,641 [INFO] IPUIPlugin:64 - create IPUIPlugin
2021-04-22 18:37:39,641 [INFO] IPUIPlugin:64 - create IPUIPlugin
2021-04-22 18:37:39,641 [INFO] IPUIPlugin:64 - create IPUIPlugin
2021-04-22 18:37:39,641 [INFO] IPUIPlugin:64 - create IPUIPlugin
2021-04-22 18:37:39,641 [INFO] IPUIPlugin:64 - create IPUIPlugin
2021-04-22 18:37:39,641 [INFO] IPUIPlugin:64 - create IPUIPlugin
2021-04-22 18:37:39,641 [INFO] IPUIPlugin:64 - create IPUIPlugin
2021-04-22 18:37:39,641 [INFO] IPUIPlugin:64 - create IPUIPlugin
2021-04-22 18:37:39,641 [INFO] IPUIPlugin:64 - create IPUIPlugin
2021-04-22 18:37:39,641 [INFO] IPUIPlugin:64 - create IPUIPlugin
2021-04-22 18:37:39,641 [INFO] IPUIPlugin:64 - create IPUIPlugin
2021-04-22 18:37:39,704 [INFO] ApiDbMcu:456 - Load IP Config File for PDM2PCM
2021-04-22 18:37:39,751 [INFO] LogOutputStream:76 - [STDOUT_REDIRECT] toolchainItems.length=====1
2021-04-22 18:37:39,829 [INFO] OpenFileManager:294 - Restore cursor
2021-04-22 18:37:40,063 [INFO] UtilMem:74 - End SaveConfig() Used Memory: 486370624 Bytes (739246080)
2021-04-22 18:37:40,141 [INFO] UtilMem:74 - End SaveConfig() Used Memory: 494232904 Bytes (739246080)
2021-04-22 18:37:40,473 [INFO] BlockDiagram:2735 - set Specific Code input for plugin: NVIC
2021-04-22 18:37:40,473 [INFO] BlockDiagram:2735 - set Specific Code input for plugin: USART
2021-04-22 18:37:40,473 [INFO] BlockDiagram:2735 - set Specific Code input for plugin: SYS
2021-04-22 18:37:40,473 [INFO] BlockDiagram:2735 - set Specific Code input for plugin: GPIO
2021-04-22 18:37:40,473 [INFO] BlockDiagram:2735 - set Specific Code input for plugin: RCC
2021-04-22 18:37:40,473 [INFO] CodeGenerator:639 - code generatio: config db path: C:\ST\STM32CubeIDE_1.5.1\STM32CubeIDE\plugins\com.st.stm32cube.common.mx_6.1.1.202012091304\\db\
2021-04-22 18:37:40,928 [INFO] CodeEngine:229 - oldGeneratedFile, C:\Users\admin\Documents\GitHub\LAB5\test\MXTmpFiles\license.tmp_save
2021-04-22 18:37:41,303 [INFO] CodeEngine:247 - Generated code: C:\Users\admin\Documents\GitHub\LAB5\test\MXTmpFiles\license.tmp
2021-04-22 18:37:41,365 [INFO] CodeEngine:229 - oldGeneratedFile, C:\Users\admin\Documents\GitHub\LAB5\test\MXTmpFiles\gpio.tmp_save
2021-04-22 18:37:41,428 [INFO] CodeEngine:247 - Generated code: C:\Users\admin\Documents\GitHub\LAB5\test\MXTmpFiles\gpio.tmp
2021-04-22 18:37:41,522 [INFO] LogOutputStream:76 - [STDOUT_REDIRECT] Command line
2021-04-22 18:37:41,537 [INFO] CodeEngine:229 - oldGeneratedFile, C:\Users\admin\Documents\GitHub\LAB5\test\Core\Src\stm32f4xx_it.c_save
2021-04-22 18:37:41,631 [INFO] CodeEngine:247 - Generated code: C:\Users\admin\Documents\GitHub\LAB5\test\Core\Src\stm32f4xx_it.c
2021-04-22 18:37:41,647 [INFO] CodeEngine:229 - oldGeneratedFile, C:\Users\admin\Documents\GitHub\LAB5\test\Core\Inc\stm32f4xx_it.h_save
2021-04-22 18:37:41,693 [INFO] CodeEngine:247 - Generated code: C:\Users\admin\Documents\GitHub\LAB5\test\Core\Inc\stm32f4xx_it.h
2021-04-22 18:37:41,709 [INFO] CodeEngine:229 - oldGeneratedFile, C:\Users\admin\Documents\GitHub\LAB5\test\Core\Src\stm32f4xx_hal_msp.c_save
2021-04-22 18:37:41,818 [INFO] CodeEngine:247 - Generated code: C:\Users\admin\Documents\GitHub\LAB5\test\Core\Src\stm32f4xx_hal_msp.c
2021-04-22 18:37:41,818 [INFO] CodeEngine:229 - oldGeneratedFile, C:\Users\admin\Documents\GitHub\LAB5\test\MXTmpFiles\system.tmp_save
2021-04-22 18:37:41,881 [INFO] CodeEngine:247 - Generated code: C:\Users\admin\Documents\GitHub\LAB5\test\MXTmpFiles\system.tmp
2021-04-22 18:37:41,896 [INFO] CodeEngine:229 - oldGeneratedFile, C:\Users\admin\Documents\GitHub\LAB5\test\Core\Inc\stm32f4xx_hal_conf.h_save
2021-04-22 18:37:41,959 [INFO] CodeEngine:247 - Generated code: C:\Users\admin\Documents\GitHub\LAB5\test\Core\Inc\stm32f4xx_hal_conf.h
2021-04-22 18:37:42,006 [INFO] CodeEngine:229 - oldGeneratedFile, C:\Users\admin\Documents\GitHub\LAB5\test\Core\Inc\main.h_save
2021-04-22 18:37:42,100 [INFO] CodeEngine:247 - Generated code: C:\Users\admin\Documents\GitHub\LAB5\test\Core\Inc\main.h
2021-04-22 18:37:42,100 [INFO] CodeEngine:229 - oldGeneratedFile, C:\Users\admin\Documents\GitHub\LAB5\test\Core\Src\main.c_save
2021-04-22 18:37:42,225 [INFO] CodeEngine:247 - Generated code: C:\Users\admin\Documents\GitHub\LAB5\test\Core\Src\main.c
2021-04-22 18:37:43,119 [INFO] ProjectBuilder:2328 - Time for Copy HAL[1] : 406mS.
2021-04-22 18:37:43,135 [INFO] ProjectBuilder:3259 - Project Generator version: 3.11.2
2021-04-22 18:37:43,479 [INFO] ConfigFileManager:1238 - The Die is : DIE431
2021-04-22 18:37:43,510 [INFO] ApiDbMcu:456 - Load IP Config File for FATFS
2021-04-22 18:37:43,541 [INFO] ApiDbMcu:456 - Load IP Config File for FREERTOS
2021-04-22 18:37:43,541 [INFO] ApiDbMcu:456 - Load IP Config File for LIBJPEG
2021-04-22 18:37:43,619 [INFO] ApiDbMcu:456 - Load IP Config File for MBEDTLS
2021-04-22 18:37:43,666 [INFO] ApiDbMcu:456 - Load IP Config File for USB_DEVICE
2021-04-22 18:37:43,682 [INFO] ApiDbMcu:456 - Load IP Config File for USB_HOST
2021-04-22 18:37:49,522 [INFO] ProjectBuilder:3425 - Time for Generating toolchain IDE Files: 6387mS.
2021-04-22 18:37:49,522 [INFO] ProjectBuilder:2207 - Time for Copy CMSIS : 0mS.
2021-04-22 18:37:49,522 [INFO] ProjectBuilder:2207 - Time for Copy CMSIS : 0mS.
2021-04-22 18:37:51,082 [INFO] ApiDb:263 - Save user favorites file C:\Users\admin/.stm32cubeide/favorites.mcus.txt: 0 item(s)
2021-04-22 18:37:51,082 [INFO] ApiDb:267 - User favorites MCUs=[]
2021-04-22 18:37:51,082 [INFO] ApiDb:263 - Save user favorites file C:\Users\admin/.stm32cubeide/favorites.boards.txt: 1 item(s)
2021-04-22 18:37:51,082 [INFO] ApiDb:267 - User favorites Boards=[NUCLEO-F411RE]
